20:22:05.445 [main                     ] DEBUG Logger               - Configured Logger
20:22:05.454 [main                     ] DEBUG GameApplication      - Logging settings
Title: Mars Simulation Project
Version: 3.3.1
Width: 1366
Height: 768
Fullscreen: false
Intro: false
Profiling: false
Single step:false
App Mode: DEVELOPER
Menu Key: ESCAPE
Stage Style: DECORATED
Scene Factory: class com.almasb.fxgl.app.scene.SceneFactory

20:22:07.137 [JavaFX Application Thread] DEBUG FXGLApplication      - Initializing FXGL
20:22:07.143 [JavaFX Application Thread] INFO  Engine               - FXGL-11.17 (16.07.2021 15.46) on WINDOWS (J:11.0.12 FX:11.0.12)
20:22:07.143 [JavaFX Application Thread] DEBUG Engine               - JRE Vendor Name: BellSoft
20:22:07.143 [JavaFX Application Thread] DEBUG Engine               - Running on OS: Windows 10 version 10.0
20:22:07.144 [JavaFX Application Thread] DEBUG Engine               - Architecture: amd64
20:22:07.144 [JavaFX Application Thread] INFO  Engine               - Source code and latest versions at: https://github.com/AlmasB/FXGL
20:22:07.144 [JavaFX Application Thread] INFO  Engine               -              Join the FXGL chat at: https://gitter.im/AlmasB/FXGL
20:22:07.315 [JavaFX Application Thread] DEBUG PrimaryStageWindow   - Creating a JavaFX scene
20:22:07.427 [JavaFX Application Thread] DEBUG PrimaryStageWindow   - Target settings size: 1366.0 x 768.0
20:22:07.427 [JavaFX Application Thread] DEBUG PrimaryStageWindow   - Scaled scene size:    1366.0 x 768.0
20:22:07.427 [JavaFX Application Thread] DEBUG PrimaryStageWindow   - Scaled ratio: (1.0, 1.0)
20:22:07.428 [JavaFX Application Thread] DEBUG PrimaryStageWindow   - Set initial scene to FXGLStartupScene
20:22:07.437 [JavaFX Application Thread] DEBUG PrimaryStageWindow   - Opening main window
20:22:07.580 [JavaFX Application Thread] DEBUG PrimaryStageWindow   - Window border size: (16.0, 39.0)
20:22:07.580 [JavaFX Application Thread] DEBUG PrimaryStageWindow   - Scaled size: 1366.0 x 768.0
20:22:07.581 [JavaFX Application Thread] DEBUG PrimaryStageWindow   - Scaled ratio: (1.0, 1.0)
20:22:07.581 [JavaFX Application Thread] DEBUG PrimaryStageWindow   - Scene size: 1366.0 x 768.0
20:22:07.581 [JavaFX Application Thread] DEBUG PrimaryStageWindow   - Stage size: 1382.0 x 807.0
20:22:07.606 [FXGL Background Thread 1 ] DEBUG Engine               - Initializing environment variables
20:22:07.739 [FXGL Background Thread 1 ] DEBUG FXGLAssetLoaderServi - User app class for loading assets: class org.mars_sim.base.MarsProjectFXGL
20:22:07.739 [FXGL Background Thread 1 ] DEBUG GameApplicationServi - Applying CSS: fxgl_dark.css
20:22:07.741 [FXGL Background Thread 1 ] DEBUG FXGLAssetLoaderServi - Loading from file system: jar:file:/C:/Users/mkhelios/.m2/repository/com/github/almasb/fxgl/11.17/fxgl-11.17.jar!/fxglassets/ui/css/fxgl_dark.css
20:22:07.828 [FXGL Background Thread 1 ] DEBUG GameApplicationServi - Initializing application scenes
20:22:07.896 [FXGL Background Thread 1 ] DEBUG GameWorld            - Game world initialized
20:22:08.022 [FXGL Background Thread 1 ] DEBUG PhysicsWorld         - Physics world initialized: appHeight=768, physics.ppm=50.0
20:22:08.022 [FXGL Background Thread 1 ] DEBUG PhysicsWorld         - Using strategy: BRUTE_FORCE
20:22:08.025 [FXGL Background Thread 1 ] DEBUG GameScene            - Game scene initialized: 1366x768
20:22:08.041 [FXGL Background Thread 1 ] DEBUG FXGL.DefaultMenu     - createMenuBodyGameMenu()
20:22:08.065 [FXGL Background Thread 1 ] DEBUG FXGL.DefaultMenu     - createOptionsMenu()
20:22:08.078 [FXGL Background Thread 1 ] DEBUG FXGLAssetLoaderServi - Loading from file system: jar:file:/C:/Users/mkhelios/.m2/repository/com/github/almasb/fxgl/11.17/fxgl-11.17.jar!/fxglassets/textures/particles/smoke.png
20:22:08.231 [FXGL Background Thread 1 ] DEBUG FXGLAssetLoaderServi - Loading from file system: jar:file:/C:/Users/mkhelios/.m2/repository/com/github/almasb/fxgl/11.17/fxgl-11.17.jar!/fxglassets/textures/particles/trace_horizontal.png
20:22:08.265 [FXGL Background Thread 1 ] DEBUG GameApplicationServi - Application scenes initialized
20:22:08.305 [FXGL Background Thread 1 ] DEBUG SystemBundleService  - Loading default FXGL system data
20:22:08.306 [FXGL Background Thread 1 ] DEBUG UpdaterService       - Checking for updates
20:22:08.313 [FXGL Background Thread 4 ] DEBUG FXGLApplication      - Loading fonts
20:22:08.314 [FXGL Background Thread 4 ] DEBUG FXGLAssetLoaderServi - Loading from file system: jar:file:/C:/Users/mkhelios/.m2/repository/com/github/almasb/fxgl/11.17/fxgl-11.17.jar!/fxglassets/ui/fonts/VarelaRound-Regular.ttf
20:22:08.314 [FXGL Background Thread 1 ] DEBUG FXGLApplication      - Loading default localization
20:22:08.316 [FXGL Background Thread 1 ] DEBUG FXGLAssetLoaderServi - Loading from file system: jar:file:/C:/Users/mkhelios/.m2/repository/com/github/almasb/fxgl/11.17/fxgl-11.17.jar!/fxglassets/languages/english.lang
20:22:08.338 [FXGL Background Thread 1 ] INFO  FXGLApplication      - FXGL initialization took: 0.731 sec
20:22:08.341 [JavaFX Application Thread] DEBUG FXGLAssetLoaderServi - Loading from file system: jar:file:/C:/Users/mkhelios/.m2/repository/com/github/almasb/fxgl/11.17/fxgl-11.17.jar!/fxglassets/textures/fxgl_icon.png
20:22:08.388 [JavaFX Application Thread] DEBUG FXGLAssetLoaderServi - Loading from file system: jar:file:/C:/Users/mkhelios/.m2/repository/com/github/almasb/fxgl/11.17/fxgl-11.17.jar!/fxglassets/textures/fxgl_default_cursor.png
20:22:08.411 [JavaFX Application Thread] DEBUG Input                - Registered new binding: Screenshot - CTRL+8
20:22:08.412 [JavaFX Application Thread] DEBUG Input                - Registered new binding: System info dump - CTRL+9
20:22:08.412 [JavaFX Application Thread] DEBUG Input                - Registered new binding: Restart - CTRL+R
20:22:08.414 [JavaFX Application Thread] DEBUG Input                - Registered new binding: Toggle Debug Camera - CTRL+C
20:22:08.418 [JavaFX Application Thread] DEBUG LoopRunner           - Starting loop
20:22:08.419 [JavaFX Application Thread] DEBUG LoopRunner           - Initializing JavaFX AnimationTimerLoop
20:22:08.423 [JavaFX Application Thread] DEBUG GameApplicationServi - Starting new game
20:22:08.423 [JavaFX Application Thread] DEBUG Input                - Clearing active input actions
20:22:08.436 [JavaFX Application Thread] DEBUG GameApplicationServi - Removing overlay from FXGLStartupScene and adding to FXGLLoadingScene
20:22:08.437 [JavaFX Application Thread] DEBUG PrimaryStageWindow   - FXGLStartupScene -> FXGLLoadingScene
20:22:08.437 [JavaFX Application Thread] DEBUG GameApplicationServi - Clearing previous game
20:22:08.437 [JavaFX Application Thread] DEBUG GameScene            - Clearing game scene
20:22:08.437 [JavaFX Application Thread] DEBUG GameWorld            - Clearing game world
20:22:08.437 [JavaFX Application Thread] DEBUG PhysicsWorld         - Clearing physics world
20:22:08.439 [FXGL Background Thread 1 ] DEBUG FXGLApplication      - Initializing game
20:22:08.440 [FXGL Background Thread 1 ] INFO  FXGLApplication      - Game initialization took: 0.001 sec
20:22:08.486 [JavaFX Application Thread] DEBUG Input                - Clearing active input actions
20:22:08.498 [JavaFX Application Thread] DEBUG GameApplicationServi - Removing overlay from FXGLLoadingScene and adding to GameScene
20:22:08.498 [JavaFX Application Thread] DEBUG PrimaryStageWindow   - FXGLLoadingScene -> GameScene
20:22:08.697 [FXGL Background Thread 4 ] DEBUG FXGLAssetLoaderServi - Loading from file system: jar:file:/C:/Users/mkhelios/.m2/repository/com/github/almasb/fxgl/11.17/fxgl-11.17.jar!/fxglassets/ui/fonts/Abel-Regular.ttf
20:22:08.708 [FXGL Background Thread 4 ] DEBUG FXGLAssetLoaderServi - Loading from file system: jar:file:/C:/Users/mkhelios/.m2/repository/com/github/almasb/fxgl/11.17/fxgl-11.17.jar!/fxglassets/ui/fonts/lucida_console.ttf
20:22:08.721 [FXGL Background Thread 4 ] DEBUG FXGLAssetLoaderServi - Loading from file system: jar:file:/C:/Users/mkhelios/.m2/repository/com/github/almasb/fxgl/11.17/fxgl-11.17.jar!/fxglassets/ui/fonts/Courier-Prime.ttf
20:22:08.732 [JavaFX Application Thread] DEBUG FXGLApplication      - Registering font factories with UI factory
20:22:11.309 [FXGL Background Thread 3 ] DEBUG Engine               - Logging environment variables
20:22:11.309 [FXGL Background Thread 3 ] DEBUG Engine               - achievements: []
20:22:11.309 [FXGL Background Thread 3 ] DEBUG Engine               - actualHeight: 768.0
20:22:11.310 [FXGL Background Thread 3 ] DEBUG Engine               - actualHeightProperty: ReadOnlyDoubleProperty [value: 768.0]
20:22:11.310 [FXGL Background Thread 3 ] DEBUG Engine               - actualWidth: 1366.0
20:22:11.310 [FXGL Background Thread 3 ] DEBUG Engine               - actualWidthProperty: ReadOnlyDoubleProperty [value: 1366.0]
20:22:11.310 [FXGL Background Thread 3 ] DEBUG Engine               - appIcon: fxgl_icon.png
20:22:11.310 [FXGL Background Thread 3 ] DEBUG Engine               - applicationMode: DEVELOPER
20:22:11.310 [FXGL Background Thread 3 ] DEBUG Engine               - cSSList: [fxgl_dark.css]
20:22:11.310 [FXGL Background Thread 3 ] DEBUG Engine               - collisionDetectionStrategy: BRUTE_FORCE
20:22:11.310 [FXGL Background Thread 3 ] DEBUG Engine               - configClass: Optional.empty
20:22:11.310 [FXGL Background Thread 3 ] DEBUG Engine               - credits: []
20:22:11.310 [FXGL Background Thread 3 ] DEBUG Engine               - defaultCursor: CursorInfo(imageName=fxgl_default_cursor.png, hotspotX=7.0, hotspotY=6.0)
20:22:11.310 [FXGL Background Thread 3 ] DEBUG Engine               - devBBoxColorProperty: ObjectProperty [value: 0xff0000ff]
20:22:11.310 [FXGL Background Thread 3 ] DEBUG Engine               - devEnableDebugCameraProperty: BooleanProperty [value: false]
20:22:11.310 [FXGL Background Thread 3 ] DEBUG Engine               - devSensorColorProperty: ObjectProperty [value: 0xffff00ff]
20:22:11.311 [FXGL Background Thread 3 ] DEBUG Engine               - devShowBBoxProperty: BooleanProperty [value: false]
20:22:11.311 [FXGL Background Thread 3 ] DEBUG Engine               - devShowPositionProperty: BooleanProperty [value: false]
20:22:11.311 [FXGL Background Thread 3 ] DEBUG Engine               - enabledMenuItems: []
20:22:11.311 [FXGL Background Thread 3 ] DEBUG Engine               - engineServices: [class com.almasb.fxgl.app.services.FXGLAssetLoaderService, class com.almasb.fxgl.app.FXGLApplication$GameApplicationService, class com.almasb.fxgl.app.services.FXGLDialogService, class com.almasb.fxgl.app.services.IOTaskExecutorService, class com.almasb.fxgl.io.FileSystemService, class com.almasb.fxgl.localization.LocalizationService, class com.almasb.fxgl.app.services.SystemBundleService, class com.almasb.fxgl.profile.SaveLoadService, class com.almasb.fxgl.ui.FXGLUIFactoryServiceProvider, class com.almasb.fxgl.ui.FXGLDialogFactoryServiceProvider, class com.almasb.fxgl.audio.AudioPlayer, class com.almasb.fxgl.notification.impl.NotificationServiceProvider, class com.almasb.fxgl.achievement.AchievementService, class com.almasb.fxgl.cutscene.CutsceneService, class com.almasb.fxgl.minigames.MiniGameService, class com.almasb.fxgl.net.NetService, class com.almasb.fxgl.app.services.UpdaterService, class com.almasb.fxgl.dev.DevService]
20:22:11.311 [FXGL Background Thread 3 ] DEBUG Engine               - fontGame: Abel-Regular.ttf
20:22:11.311 [FXGL Background Thread 3 ] DEBUG Engine               - fontMono: lucida_console.ttf
20:22:11.311 [FXGL Background Thread 3 ] DEBUG Engine               - fontText: Courier-Prime.ttf
20:22:11.311 [FXGL Background Thread 3 ] DEBUG Engine               - fontUI: VarelaRound-Regular.ttf
20:22:11.311 [FXGL Background Thread 3 ] DEBUG Engine               - fullScreen: BooleanProperty [value: false]
20:22:11.311 [FXGL Background Thread 3 ] DEBUG Engine               - gameDifficulty: MEDIUM
20:22:11.311 [FXGL Background Thread 3 ] DEBUG Engine               - gameDifficultyProperty: ObjectProperty [value: MEDIUM]
20:22:11.311 [FXGL Background Thread 3 ] DEBUG Engine               - globalMusicVolume: 0.5
20:22:11.311 [FXGL Background Thread 3 ] DEBUG Engine               - globalMusicVolumeProperty: DoubleProperty [value: 0.5]
20:22:11.311 [FXGL Background Thread 3 ] DEBUG Engine               - globalSoundVolume: 0.5
20:22:11.311 [FXGL Background Thread 3 ] DEBUG Engine               - globalSoundVolumeProperty: DoubleProperty [value: 0.5]
20:22:11.312 [FXGL Background Thread 3 ] DEBUG Engine               - height: 768
20:22:11.312 [FXGL Background Thread 3 ] DEBUG Engine               - is3D: false
20:22:11.312 [FXGL Background Thread 3 ] DEBUG Engine               - isAndroid: false
20:22:11.312 [FXGL Background Thread 3 ] DEBUG Engine               - isBrowser: false
20:22:11.312 [FXGL Background Thread 3 ] DEBUG Engine               - isClickFeedbackEnabled: false
20:22:11.312 [FXGL Background Thread 3 ] DEBUG Engine               - isCloseConfirmation: true
20:22:11.312 [FXGL Background Thread 3 ] DEBUG Engine               - isDesktop: true
20:22:11.312 [FXGL Background Thread 3 ] DEBUG Engine               - isDeveloperMenuEnabled: false
20:22:11.312 [FXGL Background Thread 3 ] DEBUG Engine               - isEntityPreloadEnabled: true
20:22:11.312 [FXGL Background Thread 3 ] DEBUG Engine               - isExperimentalTiledLargeMap: false
20:22:11.312 [FXGL Background Thread 3 ] DEBUG Engine               - isFileSystemWriteAllowed: true
20:22:11.312 [FXGL Background Thread 3 ] DEBUG Engine               - isFullScreenAllowed: false
20:22:11.313 [FXGL Background Thread 3 ] DEBUG Engine               - isFullScreenFromStart: false
20:22:11.313 [FXGL Background Thread 3 ] DEBUG Engine               - isGameMenuEnabled: true
20:22:11.313 [FXGL Background Thread 3 ] DEBUG Engine               - isIOS: false
20:22:11.313 [FXGL Background Thread 3 ] DEBUG Engine               - isIntroEnabled: false
20:22:11.313 [FXGL Background Thread 3 ] DEBUG Engine               - isLinux: false
20:22:11.313 [FXGL Background Thread 3 ] DEBUG Engine               - isMac: false
20:22:11.313 [FXGL Background Thread 3 ] DEBUG Engine               - isMainMenuEnabled: false
20:22:11.313 [FXGL Background Thread 3 ] DEBUG Engine               - isManualResizeEnabled: false
20:22:11.313 [FXGL Background Thread 3 ] DEBUG Engine               - isMobile: false
20:22:11.313 [FXGL Background Thread 3 ] DEBUG Engine               - isNative: false
20:22:11.313 [FXGL Background Thread 3 ] DEBUG Engine               - isPauseMusicWhenMinimized: true
20:22:11.313 [FXGL Background Thread 3 ] DEBUG Engine               - isPreserveResizeRatio: false
20:22:11.313 [FXGL Background Thread 3 ] DEBUG Engine               - isProfilingEnabled: false
20:22:11.313 [FXGL Background Thread 3 ] DEBUG Engine               - isScaleAffectedOnResize: true
20:22:11.313 [FXGL Background Thread 3 ] DEBUG Engine               - isSingleStep: false
20:22:11.313 [FXGL Background Thread 3 ] DEBUG Engine               - isUserProfileEnabled: false
20:22:11.314 [FXGL Background Thread 3 ] DEBUG Engine               - isWindows: true
20:22:11.314 [FXGL Background Thread 3 ] DEBUG Engine               - language: ObjectProperty [value: ENGLISH]
20:22:11.314 [FXGL Background Thread 3 ] DEBUG Engine               - menuKey: ESCAPE
20:22:11.314 [FXGL Background Thread 3 ] DEBUG Engine               - mouseSensitivity: 0.2
20:22:11.314 [FXGL Background Thread 3 ] DEBUG Engine               - notificationViewClass: class com.almasb.fxgl.notification.view.XboxNotificationView
20:22:11.314 [FXGL Background Thread 3 ] DEBUG Engine               - pixelsPerMeter: 50.0
20:22:11.314 [FXGL Background Thread 3 ] DEBUG Engine               - platform: WINDOWS
20:22:11.314 [FXGL Background Thread 3 ] DEBUG Engine               - prefHeightProperty: ReadOnlyDoubleProperty [value: 768.0]
20:22:11.314 [FXGL Background Thread 3 ] DEBUG Engine               - prefWidthProperty: ReadOnlyDoubleProperty [value: 1366.0]
20:22:11.315 [FXGL Background Thread 3 ] DEBUG Engine               - profileDir: profiles/
20:22:11.315 [FXGL Background Thread 3 ] DEBUG Engine               - profileName: StringProperty [value: DEFAULT]
20:22:11.315 [FXGL Background Thread 3 ] DEBUG Engine               - randomSeed: -1
20:22:11.315 [FXGL Background Thread 3 ] DEBUG Engine               - runtimeInfo: RuntimeInfo(platform=WINDOWS, version=11.17, build=16.07.2021 15.46)
20:22:11.315 [FXGL Background Thread 3 ] DEBUG Engine               - saveFileExt: sav
20:22:11.315 [FXGL Background Thread 3 ] DEBUG Engine               - scaledHeightProp$fxgl: DoubleProperty [bound, value: 768.0]
20:22:11.315 [FXGL Background Thread 3 ] DEBUG Engine               - scaledWidthProp$fxgl: DoubleProperty [bound, value: 1366.0]
20:22:11.315 [FXGL Background Thread 3 ] DEBUG Engine               - sceneFactory: com.almasb.fxgl.app.scene.SceneFactory@4c9fded2
20:22:11.315 [FXGL Background Thread 3 ] DEBUG Engine               - secondsIn24h: 60
20:22:11.315 [FXGL Background Thread 3 ] DEBUG Engine               - soundMenuBack: menu/back.wav
20:22:11.315 [FXGL Background Thread 3 ] DEBUG Engine               - soundMenuPress: menu/press.wav
20:22:11.315 [FXGL Background Thread 3 ] DEBUG Engine               - soundMenuSelect: menu/select.wav
20:22:11.315 [FXGL Background Thread 3 ] DEBUG Engine               - soundNotification: core/notification.wav
20:22:11.315 [FXGL Background Thread 3 ] DEBUG Engine               - stageStyle: DECORATED
20:22:11.316 [FXGL Background Thread 3 ] DEBUG Engine               - supportedLanguages: [ENGLISH, FRENCH, GERMAN, HUNGARIAN, RUSSIAN]
20:22:11.316 [FXGL Background Thread 3 ] DEBUG Engine               - ticksPerSecond: -1
20:22:11.316 [FXGL Background Thread 3 ] DEBUG Engine               - title: Mars Simulation Project
20:22:11.316 [FXGL Background Thread 3 ] DEBUG Engine               - urlGithub: https://github.com/AlmasB/FXGL
20:22:11.316 [FXGL Background Thread 3 ] DEBUG Engine               - urlLeaderboard: http://fxgl-top.herokuapp.com/
20:22:11.316 [FXGL Background Thread 3 ] DEBUG Engine               - urlPOM: https://raw.githubusercontent.com/AlmasB/FXGL/release/README.md
20:22:11.316 [FXGL Background Thread 3 ] DEBUG Engine               - userAppClass: class org.mars_sim.base.MarsProjectFXGL
20:22:11.316 [FXGL Background Thread 3 ] DEBUG Engine               - version: 3.3.1
20:22:11.316 [FXGL Background Thread 3 ] DEBUG Engine               - versionCheckDays: 7
20:22:11.316 [FXGL Background Thread 3 ] DEBUG Engine               - width: 1366
20:22:11.316 [FXGL Background Thread 3 ] DEBUG Engine               - Logging services
20:22:11.316 [FXGL Background Thread 3 ] DEBUG Engine               - class com.almasb.fxgl.app.services.FXGLAssetLoaderService
20:22:11.316 [FXGL Background Thread 3 ] DEBUG Engine               - class com.almasb.fxgl.app.FXGLApplication$GameApplicationService
20:22:11.316 [FXGL Background Thread 3 ] DEBUG Engine               - class com.almasb.fxgl.app.services.FXGLDialogService
20:22:11.316 [FXGL Background Thread 3 ] DEBUG Engine               - class com.almasb.fxgl.app.services.IOTaskExecutorService
20:22:11.317 [FXGL Background Thread 3 ] DEBUG Engine               - class com.almasb.fxgl.io.FileSystemService
20:22:11.317 [FXGL Background Thread 3 ] DEBUG Engine               - class com.almasb.fxgl.localization.LocalizationService
20:22:11.317 [FXGL Background Thread 3 ] DEBUG Engine               - class com.almasb.fxgl.app.services.SystemBundleService
20:22:11.317 [FXGL Background Thread 3 ] DEBUG Engine               - class com.almasb.fxgl.profile.SaveLoadService
20:22:11.317 [FXGL Background Thread 3 ] DEBUG Engine               - class com.almasb.fxgl.ui.FXGLUIFactoryServiceProvider
20:22:11.317 [FXGL Background Thread 3 ] DEBUG Engine               - class com.almasb.fxgl.ui.FXGLDialogFactoryServiceProvider
20:22:11.317 [FXGL Background Thread 3 ] DEBUG Engine               - class com.almasb.fxgl.audio.AudioPlayer
20:22:11.317 [FXGL Background Thread 3 ] DEBUG Engine               - class com.almasb.fxgl.notification.impl.NotificationServiceProvider
20:22:11.317 [FXGL Background Thread 3 ] DEBUG Engine               - class com.almasb.fxgl.achievement.AchievementService
20:22:11.317 [FXGL Background Thread 3 ] DEBUG Engine               - class com.almasb.fxgl.cutscene.CutsceneService
20:22:11.317 [FXGL Background Thread 3 ] DEBUG Engine               - class com.almasb.fxgl.minigames.MiniGameService
20:22:11.317 [FXGL Background Thread 3 ] DEBUG Engine               - class com.almasb.fxgl.net.NetService
20:22:11.317 [FXGL Background Thread 3 ] DEBUG Engine               - class com.almasb.fxgl.app.services.UpdaterService
20:22:11.317 [FXGL Background Thread 3 ] DEBUG Engine               - class com.almasb.fxgl.dev.DevService
20:22:13.729 [JavaFX Application Thread] DEBUG LoopRunner           - Stopping loop
20:22:13.731 [JavaFX Application Thread] FATAL FXGLApplication      - Uncaught Exception:
java.lang.NoSuchFieldError: BACK
	at com.almasb.fxgl.input.MouseTrigger$Companion$WhenMappings.<clinit>(Triggers.kt)
	at com.almasb.fxgl.input.MouseTrigger$Companion.buttonToString(Triggers.kt:130)
	at com.almasb.fxgl.input.MouseTrigger.<init>(Triggers.kt:143)
	at com.almasb.fxgl.input.MouseTrigger.<init>(Triggers.kt:112)
	at com.almasb.fxgl.input.Input.handlePressed(Input.kt:326)
	at com.almasb.fxgl.input.Input.onMouseEvent(Input.kt:312)
	at com.almasb.fxgl.input.Input.onMouseEvent(Input.kt:301)
	at com.almasb.fxgl.app.PrimaryStageWindow$2.invoke(MainWindow.kt:293)
	at com.almasb.fxgl.app.PrimaryStageWindow$2.invoke(MainWindow.kt:292)
	at com.almasb.fxgl.app.MainWindow.addMouseHandler$lambda-2(MainWindow.kt:230)
	at javafx.base/com.sun.javafx.event.CompositeEventHandler$NormalEventHandlerRecord.handleBubblingEvent(CompositeEventHandler.java:218)
	at javafx.base/com.sun.javafx.event.CompositeEventHandler.dispatchBubblingEvent(CompositeEventHandler.java:80)
	at javafx.base/com.sun.javafx.event.EventHandlerManager.dispatchBubblingEvent(EventHandlerManager.java:238)
	at javafx.base/com.sun.javafx.event.EventHandlerManager.dispatchBubblingEvent(EventHandlerManager.java:191)
	at javafx.base/com.sun.javafx.event.CompositeEventDispatcher.dispatchBubblingEvent(CompositeEventDispatcher.java:59)
	at javafx.base/com.sun.javafx.event.BasicEventDispatcher.dispatchEvent(BasicEventDispatcher.java:58)
	at javafx.base/com.sun.javafx.event.EventDispatchChainImpl.dispatchEvent(EventDispatchChainImpl.java:114)
	at javafx.base/com.sun.javafx.event.BasicEventDispatcher.dispatchEvent(BasicEventDispatcher.java:56)
	at javafx.base/com.sun.javafx.event.EventDispatchChainImpl.dispatchEvent(EventDispatchChainImpl.java:114)
	at javafx.base/com.sun.javafx.event.EventUtil.fireEventImpl(EventUtil.java:74)
	at javafx.base/com.sun.javafx.event.EventUtil.fireEvent(EventUtil.java:54)
	at javafx.base/javafx.event.Event.fireEvent(Event.java:198)
	at javafx.graphics/javafx.scene.Scene$MouseHandler.process(Scene.java:3854)
	at javafx.graphics/javafx.scene.Scene$MouseHandler.access$1200(Scene.java:3582)
	at javafx.graphics/javafx.scene.Scene.processMouseEvent(Scene.java:1852)
	at javafx.graphics/javafx.scene.Scene$ScenePeerListener.mouseEvent(Scene.java:2591)
	at javafx.graphics/com.sun.javafx.tk.quantum.GlassViewEventHandler$MouseEventNotification.run(GlassViewEventHandler.java:397)
	at javafx.graphics/com.sun.javafx.tk.quantum.GlassViewEventHandler$MouseEventNotification.run(GlassViewEventHandler.java:295)
	at java.base/java.security.AccessController.doPrivileged(Native Method)
	at javafx.graphics/com.sun.javafx.tk.quantum.GlassViewEventHandler.lambda$handleMouseEvent$2(GlassViewEventHandler.java:434)
	at javafx.graphics/com.sun.javafx.tk.quantum.QuantumToolkit.runWithoutRenderLock(QuantumToolkit.java:390)
	at javafx.graphics/com.sun.javafx.tk.quantum.GlassViewEventHandler.handleMouseEvent(GlassViewEventHandler.java:433)
	at javafx.graphics/com.sun.glass.ui.View.handleMouseEvent(View.java:556)
	at javafx.graphics/com.sun.glass.ui.View.notifyMouse(View.java:942)
	at javafx.graphics/com.sun.glass.ui.win.WinApplication._runLoop(Native Method)
	at javafx.graphics/com.sun.glass.ui.win.WinApplication.lambda$runLoop$3(WinApplication.java:174)
	at java.base/java.lang.Thread.run(Thread.java:829)

20:22:13.731 [JavaFX Application Thread] FATAL FXGLApplication      - Application will now exit
20:22:13.750 [JavaFX Application Thread] DEBUG PrimaryStageWindow   - Push state: ErrorSubScene
20:22:13.750 [JavaFX Application Thread] DEBUG Input                - Clearing active input actions
20:22:13.755 [JavaFX Application Thread] DEBUG GameApplicationServi - Removing overlay from GameScene and adding to ErrorSubScene
20:22:13.755 [JavaFX Application Thread] DEBUG PrimaryStageWindow   - GameScene -> ErrorSubScene
20:22:18.397 [JavaFX Application Thread] DEBUG PrimaryStageWindow   - Push state: DialogSubScene
20:22:18.397 [JavaFX Application Thread] DEBUG Input                - Clearing active input actions
20:22:18.398 [JavaFX Application Thread] DEBUG GameApplicationServi - Removing overlay from ErrorSubScene and adding to DialogSubScene
20:22:18.398 [JavaFX Application Thread] DEBUG PrimaryStageWindow   - ErrorSubScene -> DialogSubScene
20:22:20.183 [JavaFX Application Thread] DEBUG PrimaryStageWindow   - Pop state: DialogSubScene
20:22:20.183 [JavaFX Application Thread] DEBUG Input                - Clearing active input actions
20:22:20.184 [JavaFX Application Thread] DEBUG GameApplicationServi - Removing overlay from DialogSubScene and adding to ErrorSubScene
20:22:20.184 [JavaFX Application Thread] DEBUG PrimaryStageWindow   - ErrorSubScene <- DialogSubScene
20:22:20.184 [JavaFX Application Thread] DEBUG FXGLApplication      - Exiting FXGL
20:22:20.184 [JavaFX Application Thread] DEBUG Async                - Shutting down background threads
20:22:20.184 [JavaFX Application Thread] DEBUG PrimaryStageWindow   - Closing main window
20:22:20.207 [JavaFX Application Thread] DEBUG Logger               - Closing Logger
