#
# A fatal error has been detected by the Java Runtime Environment:
#
#  EXCEPTION_ACCESS_VIOLATION (0xc0000005) at pc=0x000000006db8584a, pid=7076, tid=0x000000000000285c
#
# JRE version: Java(TM) SE Runtime Environment (8.0_144-b01) (build 1.8.0_144-b01)
# Java VM: Java HotSpot(TM) 64-Bit Server VM (25.144-b01 mixed mode windows-amd64 compressed oops)
# Problematic frame:
# C  [glass.dll+0x2584a]
#
# Failed to write core dump. Minidumps are not enabled by default on client versions of Windows
#
# If you would like to submit a bug report, please visit:
#   http://bugreport.java.com/bugreport/crash.jsp
#

---------------  T H R E A D  ---------------

Current thread (0x0000000017d89800):  VMThread [stack: 0x0000000019a70000,0x0000000019b70000] [id=10332]

siginfo: ExceptionCode=0xc0000005, reading address 0x0000000000000000

Registers:
RAX=0x0000000000000000, RBX=0x00000000339f7108, RCX=0x0000000017d89800, RDX=0x00000000339f7108
RSP=0x0000000019b6f500, RBP=0x000000000328c450, RSI=0x0000000000000001, RDI=0x0000000000000000
R8 =0x0000000000010002, R9 =0x000000000328c450, R10=0x0000000000000000, R11=0x0000000000000246
R12=0x000000000328c480, R13=0x000000000328c450, R14=0x000000000328c460, R15=0x0000000000000000
RIP=0x000000006db8584a, EFLAGS=0x0000000000010202

Top of Stack: (sp=0x0000000019b6f500)
0x0000000019b6f500:   0000000000000000 000000006db85900
0x0000000019b6f510:   0000000000000000 000000000328c450
0x0000000019b6f520:   000000006db85830 000000006db83224
0x0000000019b6f530:   000000006db991b0 00007fff00fd3bfc
0x0000000019b6f540:   0000000000000001 0000000000000001
0x0000000019b6f550:   0000000000000001 000000006db60000
0x0000000019b6f560:   0000000005161638 000000006db834a6
0x0000000019b6f570:   0000000000000001 0000000017c15400
0x0000000019b6f580:   0000000000000000 000000006db83384
0x0000000019b6f590:   c000000500000001 0000000019b6e600
0x0000000019b6f5a0:   000000006db60000 00007fffc3151473
0x0000000019b6f5b0:   000000007ffe0385 0000000000000000
0x0000000019b6f5c0:   000000007ffe0384 000000007ffe0385
0x0000000019b6f5d0:   0000000000f43000 00007fffc318084a
0x0000000019b6f5e0:   0000da8392782a00 0000000003232840
0x0000000019b6f5f0:   0000000000000000 0000000000000000 

Instructions: (pc=0x000000006db8584a)
0x000000006db8582a:   83 c4 20 5d c3 cc 40 53 48 83 ec 20 48 8b 1d cb
0x000000006db8583a:   5b 01 00 48 85 db 74 1a e8 19 93 ff ff 48 8b d3
0x000000006db8584a:   4c 8b 00 48 8b c8 48 83 c4 20 5b 49 ff a0 b0 00
0x000000006db8585a:   00 00 48 83 c4 20 5b c3 cc cc cc cc cc cc cc cc 


Register to memory mapping:

RAX=0x0000000000000000 is an unknown value
RBX=0x00000000339f7108 is a global jni handle
RCX=0x0000000017d89800 is an unknown value
RDX=0x00000000339f7108 is a global jni handle
RSP=0x0000000019b6f500 is an unknown value
RBP=0x000000000328c450 is an unknown value
RSI=0x0000000000000001 is an unknown value
RDI=0x0000000000000000 is an unknown value
R8 =0x0000000000010002 is an unknown value
R9 =0x000000000328c450 is an unknown value
R10=0x0000000000000000 is an unknown value
R11=0x0000000000000246 is an unknown value
R12=0x000000000328c480 is an unknown value
R13=0x000000000328c450 is an unknown value
R14=0x000000000328c460 is an unknown value
R15=0x0000000000000000 is an unknown value


Stack: [0x0000000019a70000,0x0000000019b70000],  sp=0x0000000019b6f500,  free space=1021k
Native frames: (J=compiled Java code, j=interpreted, Vv=VM code, C=native code)
C  [glass.dll+0x2584a]
C  [glass.dll+0x23224]
C  [glass.dll+0x234a6]
C  [ntdll.dll+0x11473]
C  [ntdll.dll+0x40695]
C  [ntdll.dll+0x40554]
C  [KERNEL32.DLL+0xf06a]
C  [msvcr100.dll+0x20ccd]
V  [jvm.dll+0x213145]
V  [jvm.dll+0x24c127]
V  [jvm.dll+0x24b3c6]
V  [jvm.dll+0x24b861]
V  [jvm.dll+0x24ba7e]
V  [jvm.dll+0x29ca6a]
C  [msvcr100.dll+0x21d9f]
C  [msvcr100.dll+0x21e3b]
C  [KERNEL32.DLL+0x11fe4]
C  [ntdll.dll+0x6ef91]

VM_Operation (0x000000001c14ae00): Exit, mode: safepoint, requested by thread 0x000000001accc800


---------------  P R O C E S S  ---------------

Java Threads: ( => current thread )
  0x000000001b30d800 JavaThread "Thread-12" daemon [_thread_blocked, id=13620, stack(0x0000000045f90000,0x0000000046090000)]
  0x000000001b301000 JavaThread "Batik CleanerThread" daemon [_thread_blocked, id=8884, stack(0x0000000044050000,0x0000000044150000)]
  0x00000000303af000 JavaThread "pool-8-thread-1" [_thread_blocked, id=6800, stack(0x0000000043d50000,0x0000000043e50000)]
  0x00000000303af800 JavaThread "Java Sound Event Dispatcher" daemon [_thread_blocked, id=9444, stack(0x000000003d270000,0x000000003d370000)]
  0x00000000303a3800 JavaThread "TimerQueue" daemon [_thread_blocked, id=3588, stack(0x00000000346a0000,0x00000000347a0000)]
  0x00000000303a6000 JavaThread "pool-7-thread-1" [_thread_blocked, id=1248, stack(0x0000000033270000,0x0000000033370000)]
  0x00000000303a9000 JavaThread "AWT-EventQueue-0" [_thread_in_native, id=13764, stack(0x0000000033170000,0x0000000033270000)]
  0x00000000303a4800 JavaThread "AWT-Shutdown" [_thread_blocked, id=2356, stack(0x0000000033070000,0x0000000033170000)]
  0x0000000025061800 JavaThread "Disposer" daemon [_thread_blocked, id=13236, stack(0x0000000032d70000,0x0000000032e70000)]
  0x000000002505f800 JavaThread "DefaultReaper" daemon [_thread_blocked, id=10188, stack(0x000000002f690000,0x000000002f790000)]
  0x0000000024e03000 JavaThread "Java2D Disposer" daemon [_thread_blocked, id=9348, stack(0x0000000028ba0000,0x0000000028ca0000)]
  0x000000001b294800 JavaThread "Prism Font Disposer" daemon [_thread_blocked, id=1332, stack(0x0000000022d30000,0x0000000022e30000)]
  0x000000001ad7a000 JavaThread "JavaFX-Launcher" [_thread_blocked, id=1296, stack(0x0000000022930000,0x0000000022a30000)]
  0x000000001ad78000 JavaThread "Thread-3" daemon [_thread_in_native, id=2664, stack(0x0000000022830000,0x0000000022930000)]
  0x000000001accc800 JavaThread "JavaFX Application Thread" [_thread_blocked, id=9700, stack(0x000000001c050000,0x000000001c150000)]
  0x000000001acc5800 JavaThread "Thread-1" daemon [_thread_blocked, id=396, stack(0x000000001bf50000,0x000000001c050000)]
  0x0000000019d2b800 JavaThread "Service Thread" daemon [_thread_blocked, id=10448, stack(0x000000001a960000,0x000000001aa60000)]
  0x0000000019cae800 JavaThread "C1 CompilerThread3" daemon [_thread_blocked, id=8864, stack(0x000000001a860000,0x000000001a960000)]
  0x0000000019ca4000 JavaThread "C2 CompilerThread2" daemon [_thread_blocked, id=13444, stack(0x000000001a760000,0x000000001a860000)]
  0x0000000019ca3000 JavaThread "C2 CompilerThread1" daemon [_thread_blocked, id=9732, stack(0x000000001a660000,0x000000001a760000)]
  0x0000000019c9f800 JavaThread "C2 CompilerThread0" daemon [_thread_blocked, id=9804, stack(0x000000001a560000,0x000000001a660000)]
  0x0000000019c9a000 JavaThread "Attach Listener" daemon [_thread_blocked, id=13896, stack(0x000000001a460000,0x000000001a560000)]
  0x0000000017d9e000 JavaThread "Signal Dispatcher" daemon [_thread_blocked, id=5808, stack(0x000000001a360000,0x000000001a460000)]
  0x0000000019c90800 JavaThread "Finalizer" daemon [_thread_blocked, id=7376, stack(0x000000001a070000,0x000000001a170000)]
  0x000000000526a000 JavaThread "Reference Handler" daemon [_thread_blocked, id=5760, stack(0x0000000019b70000,0x0000000019c70000)]
  0x0000000005173800 JavaThread "main" [_thread_blocked, id=9748, stack(0x0000000004fd0000,0x00000000050d0000)]

Other Threads:
=>0x0000000017d89800 VMThread [stack: 0x0000000019a70000,0x0000000019b70000] [id=10332]

VM state:at safepoint (shutting down)

VM Mutex/Monitor currently owned by a thread:  ([mutex/lock_event])
[0x0000000005170650] Threads_lock - owner thread: 0x0000000017d89800

Heap:
 PSYoungGen      total 345088K, used 188065K [0x00000000eab00000, 0x0000000100000000, 0x0000000100000000)
  eden space 340992K, 54% used [0x00000000eab00000,0x00000000f6198760,0x00000000ff800000)
  from space 4096K, 26% used [0x00000000ffc00000,0x00000000ffd10000,0x0000000100000000)
  to   space 4096K, 0% used [0x00000000ff800000,0x00000000ff800000,0x00000000ffc00000)
 ParOldGen       total 452096K, used 247268K [0x00000000c0000000, 0x00000000db980000, 0x00000000eab00000)
  object space 452096K, 54% used [0x00000000c0000000,0x00000000cf1792c8,0x00000000db980000)
 Metaspace       used 62126K, capacity 65094K, committed 65368K, reserved 1105920K
  class space    used 8515K, capacity 9016K, committed 9088K, reserved 1048576K

Card table byte_map: [0x0000000014630000,0x0000000014840000] byte_map_base: 0x0000000014030000

Marking Bits: (ParMarkBitMap*) 0x000000006d49d850
 Begin Bits: [0x00000000151a0000, 0x00000000161a0000)
 End Bits:   [0x00000000161a0000, 0x00000000171a0000)

Polling page: 0x0000000003750000

CodeCache: size=245760Kb used=44312Kb max_used=44805Kb free=201447Kb
 bounds [0x0000000005270000, 0x0000000007e90000, 0x0000000014270000]
 total_blobs=13286 nmethods=12159 adapters=1035
 compilation: enabled

Compilation events (10 events):
Event: 154.907 Thread 0x0000000019cae800 16679       3       com.sun.javafx.runtime.SystemProperties::isDebug (4 bytes)
Event: 154.907 Thread 0x0000000019cae800 nmethod 16679 0x0000000005d86ad0 code [0x0000000005d86c20, 0x0000000005d86d70]
Event: 154.913 Thread 0x0000000019cae800 16680       3       java.util.logging.Logger::updateEffectiveLevel (115 bytes)
Event: 154.914 Thread 0x0000000019cae800 nmethod 16680 0x000000000561c610 code [0x000000000561c800, 0x000000000561d388]
Event: 154.915 Thread 0x0000000019cae800 16681       3       java.util.logging.Logger::accessCheckedHandlers (14 bytes)
Event: 154.915 Thread 0x0000000019cae800 nmethod 16681 0x0000000006180590 code [0x0000000006180700, 0x00000000061809a8]
Event: 154.916 Thread 0x0000000019cae800 16682       3       java.util.logging.Logger::getHandlers (5 bytes)
Event: 154.916 Thread 0x0000000019cae800 nmethod 16682 0x0000000005baa610 code [0x0000000005baa780, 0x0000000005baa988]
Event: 154.917 Thread 0x0000000019cae800 16683       3       java.util.concurrent.CopyOnWriteArrayList::toArray (47 bytes)
Event: 154.917 Thread 0x0000000019cae800 nmethod 16683 0x0000000007909ed0 code [0x000000000790a060, 0x000000000790a698]

GC Heap History (10 events):
Event: 146.596 GC heap before
{Heap before GC invocations=123 (full 3):
 PSYoungGen      total 344064K, used 342405K [0x00000000eab00000, 0x0000000100000000, 0x0000000100000000)
  eden space 339968K, 100% used [0x00000000eab00000,0x00000000ff700000,0x00000000ff700000)
  from space 4096K, 59% used [0x00000000ff700000,0x00000000ff961640,0x00000000ffb00000)
  to   space 4096K, 0% used [0x00000000ffc00000,0x00000000ffc00000,0x0000000100000000)
 ParOldGen       total 452096K, used 245498K [0x00000000c0000000, 0x00000000db980000, 0x00000000eab00000)
  object space 452096K, 54% used [0x00000000c0000000,0x00000000cefbeb60,0x00000000db980000)
 Metaspace       used 61919K, capacity 64944K, committed 65112K, reserved 1105920K
  class space    used 8486K, capacity 8975K, committed 9088K, reserved 1048576K
Event: 146.599 GC heap after
Heap after GC invocations=123 (full 3):
 PSYoungGen      total 345088K, used 2293K [0x00000000eab00000, 0x0000000100000000, 0x0000000100000000)
  eden space 340992K, 0% used [0x00000000eab00000,0x00000000eab00000,0x00000000ff800000)
  from space 4096K, 55% used [0x00000000ffc00000,0x00000000ffe3d650,0x0000000100000000)
  to   space 4096K, 0% used [0x00000000ff800000,0x00000000ff800000,0x00000000ffc00000)
 ParOldGen       total 452096K, used 245679K [0x00000000c0000000, 0x00000000db980000, 0x00000000eab00000)
  object space 452096K, 54% used [0x00000000c0000000,0x00000000cefebe20,0x00000000db980000)
 Metaspace       used 61919K, capacity 64944K, committed 65112K, reserved 1105920K
  class space    used 8486K, capacity 8975K, committed 9088K, reserved 1048576K
}
Event: 148.465 GC heap before
{Heap before GC invocations=124 (full 3):
 PSYoungGen      total 345088K, used 343285K [0x00000000eab00000, 0x0000000100000000, 0x0000000100000000)
  eden space 340992K, 100% used [0x00000000eab00000,0x00000000ff800000,0x00000000ff800000)
  from space 4096K, 55% used [0x00000000ffc00000,0x00000000ffe3d650,0x0000000100000000)
  to   space 4096K, 0% used [0x00000000ff800000,0x00000000ff800000,0x00000000ffc00000)
 ParOldGen       total 452096K, used 245679K [0x00000000c0000000, 0x00000000db980000, 0x00000000eab00000)
  object space 452096K, 54% used [0x00000000c0000000,0x00000000cefebe20,0x00000000db980000)
 Metaspace       used 61919K, capacity 64944K, committed 65112K, reserved 1105920K
  class space    used 8486K, capacity 8975K, committed 9088K, reserved 1048576K
Event: 148.468 GC heap after
Heap after GC invocations=124 (full 3):
 PSYoungGen      total 345088K, used 2229K [0x00000000eab00000, 0x0000000100000000, 0x0000000100000000)
  eden space 340992K, 0% used [0x00000000eab00000,0x00000000eab00000,0x00000000ff800000)
  from space 4096K, 54% used [0x00000000ff800000,0x00000000ffa2d650,0x00000000ffc00000)
  to   space 4096K, 0% used [0x00000000ffc00000,0x00000000ffc00000,0x0000000100000000)
 ParOldGen       total 452096K, used 245783K [0x00000000c0000000, 0x00000000db980000, 0x00000000eab00000)
  object space 452096K, 54% used [0x00000000c0000000,0x00000000cf005e20,0x00000000db980000)
 Metaspace       used 61919K, capacity 64944K, committed 65112K, reserved 1105920K
  class space    used 8486K, capacity 8975K, committed 9088K, reserved 1048576K
}
Event: 150.280 GC heap before
{Heap before GC invocations=125 (full 3):
 PSYoungGen      total 345088K, used 343221K [0x00000000eab00000, 0x0000000100000000, 0x0000000100000000)
  eden space 340992K, 100% used [0x00000000eab00000,0x00000000ff800000,0x00000000ff800000)
  from space 4096K, 54% used [0x00000000ff800000,0x00000000ffa2d650,0x00000000ffc00000)
  to   space 4096K, 0% used [0x00000000ffc00000,0x00000000ffc00000,0x0000000100000000)
 ParOldGen       total 452096K, used 245783K [0x00000000c0000000, 0x00000000db980000, 0x00000000eab00000)
  object space 452096K, 54% used [0x00000000c0000000,0x00000000cf005e20,0x00000000db980000)
 Metaspace       used 61923K, capacity 64944K, committed 65112K, reserved 1105920K
  class space    used 8486K, capacity 8975K, committed 9088K, reserved 1048576K
Event: 150.282 GC heap after
Heap after GC invocations=125 (full 3):
 PSYoungGen      total 345088K, used 896K [0x00000000eab00000, 0x0000000100000000, 0x0000000100000000)
  eden space 340992K, 0% used [0x00000000eab00000,0x00000000eab00000,0x00000000ff800000)
  from space 4096K, 21% used [0x00000000ffc00000,0x00000000ffce0000,0x0000000100000000)
  to   space 4096K, 0% used [0x00000000ff800000,0x00000000ff800000,0x00000000ffc00000)
 ParOldGen       total 452096K, used 247116K [0x00000000c0000000, 0x00000000db980000, 0x00000000eab00000)
  object space 452096K, 54% used [0x00000000c0000000,0x00000000cf153080,0x00000000db980000)
 Metaspace       used 61923K, capacity 64944K, committed 65112K, reserved 1105920K
  class space    used 8486K, capacity 8975K, committed 9088K, reserved 1048576K
}
Event: 152.152 GC heap before
{Heap before GC invocations=126 (full 3):
 PSYoungGen      total 345088K, used 341888K [0x00000000eab00000, 0x0000000100000000, 0x0000000100000000)
  eden space 340992K, 100% used [0x00000000eab00000,0x00000000ff800000,0x00000000ff800000)
  from space 4096K, 21% used [0x00000000ffc00000,0x00000000ffce0000,0x0000000100000000)
  to   space 4096K, 0% used [0x00000000ff800000,0x00000000ff800000,0x00000000ffc00000)
 ParOldGen       total 452096K, used 247116K [0x00000000c0000000, 0x00000000db980000, 0x00000000eab00000)
  object space 452096K, 54% used [0x00000000c0000000,0x00000000cf153080,0x00000000db980000)
 Metaspace       used 61926K, capacity 64944K, committed 65112K, reserved 1105920K
  class space    used 8486K, capacity 8975K, committed 9088K, reserved 1048576K
Event: 152.155 GC heap after
Heap after GC invocations=126 (full 3):
 PSYoungGen      total 345088K, used 896K [0x00000000eab00000, 0x0000000100000000, 0x0000000100000000)
  eden space 340992K, 0% used [0x00000000eab00000,0x00000000eab00000,0x00000000ff800000)
  from space 4096K, 21% used [0x00000000ff800000,0x00000000ff8e0000,0x00000000ffc00000)
  to   space 4096K, 0% used [0x00000000ffc00000,0x00000000ffc00000,0x0000000100000000)
 ParOldGen       total 452096K, used 247191K [0x00000000c0000000, 0x00000000db980000, 0x00000000eab00000)
  object space 452096K, 54% used [0x00000000c0000000,0x00000000cf165d18,0x00000000db980000)
 Metaspace       used 61926K, capacity 64944K, committed 65112K, reserved 1105920K
  class space    used 8486K, capacity 8975K, committed 9088K, reserved 1048576K
}
Event: 153.965 GC heap before
{Heap before GC invocations=127 (full 3):
 PSYoungGen      total 345088K, used 341888K [0x00000000eab00000, 0x0000000100000000, 0x0000000100000000)
  eden space 340992K, 100% used [0x00000000eab00000,0x00000000ff800000,0x00000000ff800000)
  from space 4096K, 21% used [0x00000000ff800000,0x00000000ff8e0000,0x00000000ffc00000)
  to   space 4096K, 0% used [0x00000000ffc00000,0x00000000ffc00000,0x0000000100000000)
 ParOldGen       total 452096K, used 247191K [0x00000000c0000000, 0x00000000db980000, 0x00000000eab00000)
  object space 452096K, 54% used [0x00000000c0000000,0x00000000cf165d18,0x00000000db980000)
 Metaspace       used 61986K, capacity 64962K, committed 65112K, reserved 1105920K
  class space    used 8500K, capacity 8978K, committed 9088K, reserved 1048576K
Event: 153.968 GC heap after
Heap after GC invocations=127 (full 3):
 PSYoungGen      total 345088K, used 1088K [0x00000000eab00000, 0x0000000100000000, 0x0000000100000000)
  eden space 340992K, 0% used [0x00000000eab00000,0x00000000eab00000,0x00000000ff800000)
  from space 4096K, 26% used [0x00000000ffc00000,0x00000000ffd10000,0x0000000100000000)
  to   space 4096K, 0% used [0x00000000ff800000,0x00000000ff800000,0x00000000ffc00000)
 ParOldGen       total 452096K, used 247268K [0x00000000c0000000, 0x00000000db980000, 0x00000000eab00000)
  object space 452096K, 54% used [0x00000000c0000000,0x00000000cf1792c8,0x00000000db980000)
 Metaspace       used 61986K, capacity 64962K, committed 65112K, reserved 1105920K
  class space    used 8500K, capacity 8978K, committed 9088K, reserved 1048576K
}

Deoptimization events (10 events):
Event: 154.858 Thread 0x000000001accc800 Uncommon trap: reason=bimorphic action=maybe_recompile pc=0x0000000007904d38 method=java.util.Collections$SynchronizedCollection.contains(Ljava/lang/Object;)Z @ 12
Event: 154.858 Thread 0x000000001accc800 Uncommon trap: reason=bimorphic action=maybe_recompile pc=0x0000000007904d38 method=java.util.Collections$SynchronizedCollection.contains(Ljava/lang/Object;)Z @ 12
Event: 154.861 Thread 0x000000001accc800 Uncommon trap: reason=bimorphic action=maybe_recompile pc=0x0000000007904d38 method=java.util.Collections$SynchronizedCollection.contains(Ljava/lang/Object;)Z @ 12
Event: 154.862 Thread 0x000000001accc800 Uncommon trap: reason=unstable_if action=reinterpret pc=0x000000000706dba0 method=org.mars_sim.msp.ui.swing.tool.monitor.TableSorter.tableChanged(Ljavax/swing/event/TableModelEvent;)V @ 137
Event: 154.862 Thread 0x000000001accc800 Uncommon trap: reason=unstable_if action=reinterpret pc=0x0000000006415150 method=org.mars_sim.msp.ui.swing.tool.monitor.TableSorter.compare(II)I @ 84
Event: 154.874 Thread 0x00000000303a9000 Uncommon trap: reason=unstable_if action=reinterpret pc=0x0000000007dbc044 method=org.mars_sim.msp.ui.swing.tool.monitor.UnitTableModel.getUnitIndex(Lorg/mars_sim/msp/core/Unit;)I @ 4
Event: 154.874 Thread 0x00000000303a9000 Uncommon trap: reason=unstable_if action=reinterpret pc=0x000000000705c088 method=javax.swing.JTable.getCellRect(IIZ)Ljava/awt/Rectangle; @ 27
Event: 154.892 Thread 0x000000001accc800 Uncommon trap: reason=unstable_if action=reinterpret pc=0x0000000005fb06e0 method=sun.misc.FloatingDecimal$BinaryToASCIIBuffer.dtoa(IJIZ)V @ 111
Event: 154.902 Thread 0x000000001accc800 Uncommon trap: reason=unstable_if action=reinterpret pc=0x000000000569fcb0 method=org.jdom.AttributeList.indexOf(Ljava/lang/String;Lorg/jdom/Namespace;)I @ 53
Event: 154.925 Thread 0x00000000303a9000 Uncommon trap: reason=class_check action=maybe_recompile pc=0x0000000007d6bd4c method=java.awt.Toolkit.notifyAWTEventListeners(Ljava/awt/AWTEvent;)V @ 30

Internal exceptions (10 events):
Event: 120.829 Thread 0x000000001accc800 Exception <a 'java/io/FileNotFoundException'> (0x00000000f2614360) thrown at [C:\re\workspace\8-2-build-windows-amd64-cygwin\jdk8u144\9417\hotspot\src\share\vm\prims\jni.cpp, line 709]
Event: 120.855 Thread 0x000000001accc800 Implicit null exception at 0x00000000077d7765 to 0x00000000077d77c9
Event: 124.148 Thread 0x000000001accc800 Implicit null exception at 0x0000000005ff3085 to 0x0000000005ff31e9
Event: 124.164 Thread 0x00000000303a9000 Implicit null exception at 0x000000000655e32c to 0x000000000655fa25
Event: 124.173 Thread 0x000000001accc800 Implicit null exception at 0x000000000654d306 to 0x000000000654d3c1
Event: 124.238 Thread 0x00000000303a9000 Implicit null exception at 0x00000000077fdddf to 0x00000000077ffbb1
Event: 142.375 Thread 0x000000001accc800 Exception <a 'java/io/FileNotFoundException'> (0x00000000f93903e8) thrown at [C:\re\workspace\8-2-build-windows-amd64-cygwin\jdk8u144\9417\hotspot\src\share\vm\prims\jni.cpp, line 709]
Event: 154.857 Thread 0x0000000025062800 Exception <a 'java/lang/InterruptedException': sleep interrupted> (0x00000000f1b2a4a0) thrown at [C:\re\workspace\8-2-build-windows-amd64-cygwin\jdk8u144\9417\hotspot\src\share\vm\prims\jvm.cpp, line 3228]
Event: 154.874 Thread 0x00000000303a9000 Implicit null exception at 0x0000000007dbb4f7 to 0x0000000007dbc02d
Event: 154.906 Thread 0x00000000303a8000 Exception <a 'java/lang/IllegalStateException'> (0x00000000f61101c8) thrown at [C:\re\workspace\8-2-build-windows-amd64-cygwin\jdk8u144\9417\hotspot\src\share\vm\prims\jvm.cpp, line 1394]

Events (10 events):
Event: 154.918 Thread 0x0000000019cae800 flushing nmethod 0x0000000006d31d50
Event: 154.918 Thread 0x0000000019cae800 flushing nmethod 0x0000000006d38a10
Event: 154.918 Thread 0x0000000019cae800 flushing nmethod 0x0000000006d45790
Event: 154.918 Thread 0x0000000019cae800 flushing nmethod 0x0000000006d48050
Event: 154.925 Thread 0x00000000303a9000 Uncommon trap: trap_request=0xffffffde fr.pc=0x0000000007d6bd4c
Event: 154.925 Thread 0x00000000303a9000 DEOPT PACKING pc=0x0000000007d6bd4c sp=0x000000003326d3d0
Event: 154.925 Thread 0x00000000303a9000 DEOPT UNPACKING pc=0x00000000052b582a sp=0x000000003326d378 mode 2
Event: 154.927 Thread 0x0000000027cf4800 Thread exited: 0x0000000027cf4800
Event: 155.006 Thread 0x000000001b302800 Thread exited: 0x000000001b302800
Event: 155.006 Executing VM operation: Exit


Dynamic libraries:
0x00007ff7ea160000 - 0x00007ff7ea197000 	C:\Program Files\Java\jre1.8.0_144\bin\javaw.exe
0x00007fffc3140000 - 0x00007fffc3320000 	C:\WINDOWS\SYSTEM32\ntdll.dll
0x00007fffc1f80000 - 0x00007fffc202e000 	C:\WINDOWS\System32\KERNEL32.DLL
0x00007fffbf930000 - 0x00007fffbfb96000 	C:\WINDOWS\System32\KERNELBASE.dll
0x00007fffc2860000 - 0x00007fffc2901000 	C:\WINDOWS\System32\ADVAPI32.dll
0x00007fffc2910000 - 0x00007fffc29ad000 	C:\WINDOWS\System32\msvcrt.dll
0x00007fffc1bf0000 - 0x00007fffc1c4b000 	C:\WINDOWS\System32\sechost.dll
0x00007fffc2c30000 - 0x00007fffc2d4f000 	C:\WINDOWS\System32\RPCRT4.dll
0x00007fffc2030000 - 0x00007fffc21be000 	C:\WINDOWS\System32\USER32.dll
0x00007fffbf690000 - 0x00007fffbf6b0000 	C:\WINDOWS\System32\win32u.dll
0x00007fffc29b0000 - 0x00007fffc29d8000 	C:\WINDOWS\System32\GDI32.dll
0x00007fffc0470000 - 0x00007fffc0601000 	C:\WINDOWS\System32\gdi32full.dll
0x00007fffbf5f0000 - 0x00007fffbf68b000 	C:\WINDOWS\System32\msvcp_win.dll
0x00007fffbfc20000 - 0x00007fffbfd16000 	C:\WINDOWS\System32\ucrtbase.dll
0x00007fffb4080000 - 0x00007fffb42e9000 	C:\WINDOWS\WinSxS\amd64_microsoft.windows.common-controls_6595b64144ccf1df_6.0.16299.15_none_cc92fb402215d91d\COMCTL32.dll
0x00007fffc2e00000 - 0x00007fffc3108000 	C:\WINDOWS\System32\combase.dll
0x00007fffbfba0000 - 0x00007fffbfc12000 	C:\WINDOWS\System32\bcryptPrimitives.dll
0x00007fffc1c50000 - 0x00007fffc1c7d000 	C:\WINDOWS\System32\IMM32.DLL
0x000000006dbe0000 - 0x000000006dcb2000 	C:\Program Files\Java\jre1.8.0_144\bin\msvcr100.dll
0x000000006cc80000 - 0x000000006d51d000 	C:\Program Files\Java\jre1.8.0_144\bin\server\jvm.dll
0x00007fffc2840000 - 0x00007fffc2848000 	C:\WINDOWS\System32\PSAPI.DLL
0x00007fffb8f20000 - 0x00007fffb8f2a000 	C:\WINDOWS\SYSTEM32\VERSION.dll
0x00007fffbce70000 - 0x00007fffbce93000 	C:\WINDOWS\SYSTEM32\WINMM.dll
0x00007fffbbac0000 - 0x00007fffbbac9000 	C:\WINDOWS\SYSTEM32\WSOCK32.dll
0x00007fffc2bb0000 - 0x00007fffc2c1c000 	C:\WINDOWS\System32\WS2_32.dll
0x00007fffbce40000 - 0x00007fffbce6a000 	C:\WINDOWS\SYSTEM32\WINMMBASE.dll
0x00007fffbf5a0000 - 0x00007fffbf5ea000 	C:\WINDOWS\System32\cfgmgr32.dll
0x000000006dda0000 - 0x000000006ddaf000 	C:\Program Files\Java\jre1.8.0_144\bin\verify.dll
0x000000006dd70000 - 0x000000006dd99000 	C:\Program Files\Java\jre1.8.0_144\bin\java.dll
0x000000006dd50000 - 0x000000006dd66000 	C:\Program Files\Java\jre1.8.0_144\bin\zip.dll
0x00007fffc07b0000 - 0x00007fffc1be7000 	C:\WINDOWS\System32\SHELL32.dll
0x00007fffc2d50000 - 0x00007fffc2df6000 	C:\WINDOWS\System32\shcore.dll
0x00007fffbfd20000 - 0x00007fffc0467000 	C:\WINDOWS\System32\windows.storage.dll
0x00007fffc1c80000 - 0x00007fffc1cd1000 	C:\WINDOWS\System32\shlwapi.dll
0x00007fffbf490000 - 0x00007fffbf4a1000 	C:\WINDOWS\System32\kernel.appcore.dll
0x00007fffbf4d0000 - 0x00007fffbf51c000 	C:\WINDOWS\System32\powrprof.dll
0x00007fffbf520000 - 0x00007fffbf53b000 	C:\WINDOWS\System32\profapi.dll
0x00007fffa3710000 - 0x00007fffa37ff000 	C:\Program Files\Java\jre1.8.0_144\bin\msvcr120.dll
0x00007fffa23f0000 - 0x00007fffa2496000 	C:\Program Files\Java\jre1.8.0_144\bin\msvcp120.dll
0x000000006dbb0000 - 0x000000006dbd2000 	C:\Program Files\Java\jre1.8.0_144\bin\prism_d3d.dll
0x00007fff87d00000 - 0x00007fff87e95000 	C:\WINDOWS\system32\d3d9.dll
0x00007fffbd5e0000 - 0x00007fffbd60a000 	C:\WINDOWS\SYSTEM32\dwmapi.dll
0x00007fffbd300000 - 0x00007fffbd395000 	C:\WINDOWS\system32\uxtheme.dll
0x00007fffb6b00000 - 0x00007fffb6be1000 	C:\WINDOWS\System32\DriverStore\FileRepository\nvaci.inf_amd64_0ae98321ab15f73f\nvldumdx.dll
0x00007fffbf6b0000 - 0x00007fffbf87e000 	C:\WINDOWS\System32\crypt32.dll
0x00007fffbf4b0000 - 0x00007fffbf4c2000 	C:\WINDOWS\System32\MSASN1.dll
0x00007fffbf540000 - 0x00007fffbf598000 	C:\WINDOWS\System32\WINTRUST.DLL
0x00007fffc2330000 - 0x00007fffc234d000 	C:\WINDOWS\System32\imagehlp.dll
0x00007fffbf1c0000 - 0x00007fffbf1d7000 	C:\WINDOWS\SYSTEM32\CRYPTSP.dll
0x00007fffbe580000 - 0x00007fffbe5b3000 	C:\WINDOWS\system32\rsaenh.dll
0x00007fffbefc0000 - 0x00007fffbefe5000 	C:\WINDOWS\SYSTEM32\bcrypt.dll
0x00007fffbeb90000 - 0x00007fffbeb9b000 	C:\WINDOWS\SYSTEM32\CRYPTBASE.dll
0x00007fff7fb10000 - 0x00007fff80c78000 	C:\WINDOWS\System32\DriverStore\FileRepository\nvaci.inf_amd64_0ae98321ab15f73f\nvd3dumx.dll
0x00007fffa6c00000 - 0x00007fffa6ddc000 	C:\WINDOWS\system32\nvspcap64.dll
0x00007fffc2a60000 - 0x00007fffc2ba9000 	C:\WINDOWS\System32\ole32.dll
0x00007fffc1df0000 - 0x00007fffc1eb5000 	C:\WINDOWS\System32\OLEAUT32.dll
0x00007fffc2350000 - 0x00007fffc279e000 	C:\WINDOWS\System32\SETUPAPI.dll
0x00007fffba240000 - 0x00007fffba31e000 	C:\WINDOWS\SYSTEM32\WINHTTP.dll
0x00007fffbb890000 - 0x00007fffbb8a3000 	C:\WINDOWS\SYSTEM32\WTSAPI32.dll
0x00007fffb6d20000 - 0x00007fffb715f000 	C:\WINDOWS\system32\nvapi64.dll
0x00007fffbd9b0000 - 0x00007fffbda5f000 	C:\WINDOWS\SYSTEM32\dxgi.dll
0x00007fffbf2a0000 - 0x00007fffbf2c7000 	C:\WINDOWS\SYSTEM32\DEVOBJ.dll
0x000000006db60000 - 0x000000006dba3000 	C:\Program Files\Java\jre1.8.0_144\bin\glass.dll
0x00007fffc1ce0000 - 0x00007fffc1dea000 	C:\WINDOWS\System32\COMDLG32.dll
0x00007fffc21c0000 - 0x00007fffc2327000 	C:\WINDOWS\System32\MSCTF.dll
0x00007fffb3a50000 - 0x00007fffb3b3a000 	C:\Program Files (x86)\NVIDIA Corporation\3D Vision\nvSCPAPI64.dll
0x000000006dd30000 - 0x000000006dd4a000 	C:\Program Files\Java\jre1.8.0_144\bin\net.dll
0x00007fffbe9d0000 - 0x00007fffbea36000 	C:\WINDOWS\system32\mswsock.dll
0x000000006dd10000 - 0x000000006dd21000 	C:\Program Files\Java\jre1.8.0_144\bin\nio.dll
0x000000006db40000 - 0x000000006db54000 	C:\Program Files\Java\jre1.8.0_144\bin\javafx_font.dll
0x00007fffa56e0000 - 0x00007fffa59ef000 	C:\WINDOWS\SYSTEM32\dwrite.dll
0x000000006db10000 - 0x000000006db33000 	C:\Program Files\Java\jre1.8.0_144\bin\javafx_iio.dll
0x000000006d820000 - 0x000000006d9b8000 	C:\Program Files\Java\jre1.8.0_144\bin\awt.dll
0x00007fffbd0b0000 - 0x00007fffbd137000 	C:\WINDOWS\SYSTEM32\apphelp.dll
0x00007fff98cb0000 - 0x00007fff98dce000 	C:\WINDOWS\system32\opengl32.dll
0x00007fff99820000 - 0x00007fff9984c000 	C:\WINDOWS\SYSTEM32\GLU32.dll
0x00007fffc27a0000 - 0x00007fffc283e000 	C:\WINDOWS\System32\clbcatq.dll
0x00007fffb9eb0000 - 0x00007fffba05b000 	C:\WINDOWS\SYSTEM32\WindowsCodecs.dll
0x00007fff99f40000 - 0x00007fff99f8f000 	C:\WINDOWS\system32\dataexchange.dll
0x00007fffbc9f0000 - 0x00007fffbcb32000 	C:\WINDOWS\system32\dcomp.dll
0x00007fffbc060000 - 0x00007fffbc342000 	C:\WINDOWS\system32\d3d11.dll
0x00007fffbd3d0000 - 0x00007fffbd54b000 	C:\WINDOWS\system32\twinapi.appcore.dll
0x00007fffbd5c0000 - 0x00007fffbd5e0000 	C:\WINDOWS\system32\RMCLIENT.dll
0x00007fffaabb0000 - 0x00007fffaabe4000 	C:\Program Files\Common Files\Microsoft Shared\Ink\rtscom.dll
0x00007fffaa330000 - 0x00007fffaa3c8000 	C:\WINDOWS\System32\TextInputFramework.dll
0x00007fffb95e0000 - 0x00007fffb98ce000 	C:\WINDOWS\System32\CoreUIComponents.dll
0x00007fffbc910000 - 0x00007fffbc9ed000 	C:\WINDOWS\System32\CoreMessaging.dll
0x00007fffbe280000 - 0x00007fffbe2b1000 	C:\WINDOWS\SYSTEM32\ntmarta.dll
0x00007fffbb270000 - 0x00007fffbb3a6000 	C:\WINDOWS\SYSTEM32\wintypes.dll
0x00007fffbc350000 - 0x00007fffbc908000 	C:\WINDOWS\SYSTEM32\d2d1.dll
0x00007fff894c0000 - 0x00007fff89c2c000 	C:\WINDOWS\SYSTEM32\D3D10Warp.dll
0x00007fffbf3c0000 - 0x00007fffbf3e9000 	C:\WINDOWS\SYSTEM32\USERENV.dll
0x000000006daf0000 - 0x000000006db01000 	C:\Program Files\Java\jre1.8.0_144\bin\prism_common.dll
0x00007fffbe700000 - 0x00007fffbe739000 	C:\WINDOWS\SYSTEM32\IPHLPAPI.DLL
0x00007fffc2850000 - 0x00007fffc2858000 	C:\WINDOWS\System32\NSI.dll
0x00007fffb9210000 - 0x00007fffb9226000 	C:\WINDOWS\SYSTEM32\dhcpcsvc6.DLL
0x00007fffb9490000 - 0x00007fffb94aa000 	C:\WINDOWS\SYSTEM32\dhcpcsvc.DLL
0x000000006a0c0000 - 0x000000006c874000 	C:\Program Files\Java\jre1.8.0_144\bin\jfxwebkit.dll
0x000000006daa0000 - 0x000000006dae7000 	C:\Program Files\Java\jre1.8.0_144\bin\fontmanager.dll
0x000000006d7d0000 - 0x000000006d812000 	C:\Program Files\Java\jre1.8.0_144\bin\t2k.dll
0x000000006d790000 - 0x000000006d7c1000 	C:\Program Files\Java\jre1.8.0_144\bin\jpeg.dll
0x000000006da90000 - 0x000000006da9c000 	C:\Program Files\Java\jre1.8.0_144\bin\jsound.dll
0x000000006d780000 - 0x000000006d78b000 	C:\Program Files\Java\jre1.8.0_144\bin\jsoundds.dll
0x00007fffa2240000 - 0x00007fffa22cf000 	C:\WINDOWS\SYSTEM32\DSOUND.dll
0x00007fffb8030000 - 0x00007fffb809f000 	C:\WINDOWS\SYSTEM32\MMDevAPI.DLL
0x00007fffbb8d0000 - 0x00007fffbba81000 	C:\WINDOWS\SYSTEM32\PROPSYS.dll
0x00007fffba3b0000 - 0x00007fffba3f2000 	C:\WINDOWS\SYSTEM32\wdmaud.drv
0x00007fffb98d0000 - 0x00007fffb98d9000 	C:\WINDOWS\SYSTEM32\ksuser.dll
0x00007fffbaa70000 - 0x00007fffbaa7a000 	C:\WINDOWS\SYSTEM32\AVRT.dll
0x00007fffb3e00000 - 0x00007fffb3f22000 	C:\WINDOWS\SYSTEM32\AUDIOSES.DLL
0x00007fffbb580000 - 0x00007fffbb58c000 	C:\WINDOWS\SYSTEM32\msacm32.drv
0x00007fffba390000 - 0x00007fffba3ac000 	C:\WINDOWS\SYSTEM32\MSACM32.dll
0x00007fffbb570000 - 0x00007fffbb57a000 	C:\WINDOWS\SYSTEM32\midimap.dll
0x00007fffaaa00000 - 0x00007fffaab07000 	C:\Windows\System32\Windows.UI.dll
0x000000006a090000 - 0x000000006a0ba000 	C:\Program Files\Java\jre1.8.0_144\bin\dcpr.dll
0x0000000069fe0000 - 0x000000006a082000 	C:\Program Files\Java\jre1.8.0_144\bin\mlib_image.dll
0x00007fffbeff0000 - 0x00007fffbf1b8000 	C:\WINDOWS\SYSTEM32\dbghelp.dll

VM Arguments:
jvm_args: -Xmx1024m -Dfile.encoding=UTF-8 
java_command: org.mars_sim.msp.javafx.MarsProjectFX -new
java_class_path (initial): D:\Data\git\mars-sim\mars-sim-main\target\classes;C:\Users\manny\.m2\repository\junit\junit\4.12\junit-4.12.jar;D:\Data\git\mars-sim\mars-sim-ui\target\classes;D:\Data\git\mars-sim\mars-sim-core\target\classes;C:\Users\manny\.m2\repository\org\jdom\jdom\1.1.3\jdom-1.1.3.jar;C:\Users\manny\.m2\repository\com\google\guava\guava\23.0\guava-23.0.jar;C:\Users\manny\.m2\repository\com\google\code\findbugs\jsr305\1.3.9\jsr305-1.3.9.jar;C:\Users\manny\.m2\repository\com\google\errorprone\error_prone_annotations\2.0.18\error_prone_annotations-2.0.18.jar;C:\Users\manny\.m2\repository\com\google\j2objc\j2objc-annotations\1.1\j2objc-annotations-1.1.jar;C:\Users\manny\.m2\repository\org\codehaus\mojo\animal-sniffer-annotations\1.14\animal-sniffer-annotations-1.14.jar;C:\Users\manny\.m2\repository\com\google\inject\guice\4.1.0\guice-4.1.0-no_aop.jar;C:\Users\manny\.m2\repository\javax\inject\javax.inject\1\javax.inject-1.jar;C:\Users\manny\.m2\repository\aopalliance\aopalliance\1.0\aopalliance-1.0.jar;C:\Users\manny\.m2\repository\log4j\log4j\1.2.17\log4j-1.2.17.jar;C:\Users\manny\.m2\repository\commons-collections\commons-collections\3.2.2\commons-collections-3.2.2.jar;C:\Users\manny\.m2\repository\org\glassfish\javax.json\1.1\javax.json-1.1.jar;C:\Users\manny\.m2\repository\org\tukaani\xz\1.6\xz-1.6.jar;C:\Users\manny\.m2\repository\org\reactfx\reactfx\1.4.1\reactfx-1.4.1.jar;C:\Users\manny\.m2\repository\de\codecentric\centerdevice\javafxsvg\1.2.1\javafxsvg-1.2.1.jar;C:\Users\manny\.m2\repository\org\jfree\jfreechart\1.0.19\jfreechart-1.0.19.jar;C:\Users\manny\.m2\repository\org\jfree\jcommon\1.0.23\jcommon-1.0.23.jar;C:\Users\manny\.m2\repository\com\miglayout\miglayout-javafx\5.0\miglayout-javafx-5.0.jar;C:\Users\manny\.m2\repository\com\miglayout\miglayout-core\5.0\miglayout-core-5.0.jar;C:\Users\manny\.m2\repository\com\github\insubstantial\trident\7.3\trident-7.3.jar;C:\Users\manny\.m2\repository\org\apache\xmlgraphics\batik-transcoder\1.9\bat
Launcher Type: SUN_STANDARD

Environment Variables:
PATH=C:/Program Files/Java/jre1.8.0_144/bin/server;C:/Program Files/Java/jre1.8.0_144/bin;C:/Program Files/Java/jre1.8.0_144/lib/amd64;D:\Oculus\Support\oculus-runtime;C:\ProgramData\Oracle\Java\javapath;C:\Program Files (x86)\Intel\iCLS Client\;C:\Program Files\Intel\iCLS Client\;C:\Windows\system32;C:\Windows;C:\Windows\System32\Wbem;C:\Windows\System32\WindowsPowerShell\v1.0\;C:\Program Files (x86)\NVIDIA Corporation\PhysX\Common;C:\WINDOWS\system32;C:\WINDOWS;C:\WINDOWS\System32\Wbem;C:\WINDOWS\System32\WindowsPowerShell\v1.0\;C:\Program Files (x86)\Intel\Intel(R) Management Engine Components\DAL;C:\Program Files\Intel\Intel(R) Management Engine Components\DAL;C:\Program Files (x86)\Intel\Intel(R) Management Engine Components\IPT;C:\Program Files\Intel\Intel(R) Management Engine Components\IPT;C:\Program Files (x86)\GtkSharp\2.12\bin;C:\Android;C:\WINDOWS\system32;C:\WINDOWS;C:\WINDOWS\System32\Wbem;C:\WINDOWS\System32\WindowsPowerShell\v1.0\;D:\Program Files (x86)\Windows Kits\10\Windows Performance Toolkit\;D:\Program Files\Git\cmd;C:\Users\manny\AppData\Local\Microsoft\WindowsApps;;C:\Program Files\Microsoft VS Code\bin;C:\WINDOWS\system32;
USERNAME=manny
OS=Windows_NT
PROCESSOR_IDENTIFIER=Intel64 Family 6 Model 158 Stepping 9, GenuineIntel



---------------  S Y S T E M  ---------------

OS: Windows 10.0 , 64 bit Build 16299 (10.0.16299.15)

CPU:total 8 (initial active 8) (4 cores per cpu, 2 threads per core) family 6 model 158 stepping 9, cmov, cx8, fxsr, mmx, sse, sse2, sse3, ssse3, sse4.1, sse4.2, popcnt, avx, avx2, aes, clmul, erms, 3dnowpref, lzcnt, ht, tsc, tscinvbit, bmi1, bmi2, adx

Memory: 4k page, physical 16658020k(9012244k free), swap 33435236k(23794568k free)

vm_info: Java HotSpot(TM) 64-Bit Server VM (25.144-b01) for windows-amd64 JRE (1.8.0_144-b01), built on Jul 21 2017 21:57:33 by "java_re" with MS VC++ 10.0 (VS2010)

time: Wed Oct 11 19:27:45 2017
elapsed time: 155 seconds (0d 0h 2m 35s)

