#
# A fatal error has been detected by the Java Runtime Environment:
#
#  EXCEPTION_ACCESS_VIOLATION (0xc0000005) at pc=0x000000006d0cfc80, pid=11056, tid=0x0000000000001ad0
#
# JRE version: Java(TM) SE Runtime Environment (8.0_144-b01) (build 1.8.0_144-b01)
# Java VM: Java HotSpot(TM) 64-Bit Server VM (25.144-b01 mixed mode windows-amd64 compressed oops)
# Problematic frame:
# V  [jvm.dll+0xafc80]
#
# Failed to write core dump. Minidumps are not enabled by default on client versions of Windows
#
# If you would like to submit a bug report, please visit:
#   http://bugreport.java.com/bugreport/crash.jsp
#

---------------  T H R E A D  ---------------

Current thread (0x0000000004fbe800):  GCTaskThread [stack: 0x0000000014c70000,0x0000000014d70000] [id=6864]

siginfo: ExceptionCode=0xc0000005, reading address 0x0000000000000010

Registers:
RAX=0x0000000015170000, RBX=0x00000000baaebdc0, RCX=0x00000000baaebdc0, RDX=0x0000000000000008
RSP=0x0000000014d6f5b8, RBP=0x0000000005096200, RSI=0x00000000baaebcec, RDI=0x00000000baaebdc0
R8 =0x00000000000d575e, R9 =0x0000000005096200, R10=0x0000000000000f24, R11=0x00000000baaebe08
R12=0x00000000baaebcf8, R13=0x0000000000000004, R14=0x00000000baaebcd8, R15=0x0000000000000004
RIP=0x000000006d0cfc80, EFLAGS=0x0000000000010202

Top of Stack: (sp=0x0000000014d6f5b8)
0x0000000014d6f5b8:   000000006d12b8a7 00000000baaebe08
0x0000000014d6f5c8:   0000000005096200 00000000baaebce8
0x0000000014d6f5d8:   0000000000000009 00000000baaebdc0
0x0000000014d6f5e8:   000000006d15adea 0000000000000f24
0x0000000014d6f5f8:   000000006d1351f6 00000000baaec150
0x0000000014d6f608:   00000000baaec12c 0000000005096200
0x0000000014d6f618:   000000006d15aef3 0000000000000000
0x0000000014d6f628:   0000000004fbee00 0000000004faff40
0x0000000014d6f638:   0000000014d6f769 0000000000000f24
0x0000000014d6f648:   000000006d418140 0000000005096200
0x0000000014d6f658:   0000000005096200 000000006d6756c8
0x0000000014d6f668:   000000006d6756c8 0000000019b5c290
0x0000000014d6f678:   0000000014d6f769 0000000000000000
0x0000000014d6f688:   0000000000000004 0000000005096200
0x0000000014d6f698:   000000006d133822 00000000a1e0d830
0x0000000014d6f6a8:   0000000000000000 0000000000000000 

Instructions: (pc=0x000000006d0cfc80)
0x000000006d0cfc60:   6c bb 1d 00 48 8b 9c 24 d0 00 00 00 48 81 c4 c0
0x000000006d0cfc70:   00 00 00 5d c3 cc cc cc cc cc cc cc cc cc cc cc
0x000000006d0cfc80:   44 8b 42 08 4c 8b ca 45 85 c0 7e 0e 41 f6 c0 01
0x000000006d0cfc90:   75 57 41 c1 f8 03 41 8b c0 c3 79 4d 80 3d 3e e8 


Register to memory mapping:

RAX=0x0000000015170000 is an unknown value
RBX=
[error occurred during error reporting (printing register info), id 0xc0000005]

Stack: [0x0000000014c70000,0x0000000014d70000],  sp=0x0000000014d6f5b8,  free space=1021k
Native frames: (J=compiled Java code, j=interpreted, Vv=VM code, C=native code)
V  [jvm.dll+0xafc80]


---------------  P R O C E S S  ---------------

Java Threads: ( => current thread )
  0x000000002875e800 JavaThread "pool-9-thread-1" [_thread_blocked, id=13092, stack(0x000000003fa10000,0x000000003fb10000)]
  0x000000002875d000 JavaThread "pool-8-thread-1" [_thread_blocked, id=2044, stack(0x000000003f910000,0x000000003fa10000)]
  0x0000000028752800 JavaThread "Java Sound Event Dispatcher" daemon [_thread_blocked, id=12700, stack(0x000000003b030000,0x000000003b130000)]
  0x0000000028751800 JavaThread "Thread-10" daemon [_thread_blocked, id=13512, stack(0x00000000381c0000,0x00000000382c0000)]
  0x0000000028755800 JavaThread "TimerQueue" daemon [_thread_blocked, id=14176, stack(0x0000000036650000,0x0000000036750000)]
  0x0000000028754800 JavaThread "pool-7-thread-1" [_thread_blocked, id=4816, stack(0x0000000036550000,0x0000000036650000)]
  0x0000000028757000 JavaThread "AWT-EventQueue-0" [_thread_blocked, id=2064, stack(0x0000000035480000,0x0000000035580000)]
  0x0000000028756800 JavaThread "AWT-Shutdown" [_thread_blocked, id=10244, stack(0x0000000035380000,0x0000000035480000)]
  0x0000000028758000 JavaThread "Disposer" daemon [_thread_blocked, id=10028, stack(0x0000000035080000,0x0000000035180000)]
  0x0000000028750000 JavaThread "pool-4-thread-1" [_thread_blocked, id=8592, stack(0x0000000034f80000,0x0000000035080000)]
  0x0000000028754000 JavaThread "pool-5-thread-1" [_thread_blocked, id=7340, stack(0x0000000034490000,0x0000000034590000)]
  0x0000000025f27800 JavaThread "DefaultReaper" daemon [_thread_blocked, id=6548, stack(0x0000000033f90000,0x0000000034090000)]
  0x0000000025f2a800 JavaThread "pool-3-thread-1" [_thread_blocked, id=2660, stack(0x0000000033c20000,0x0000000033d20000)]
  0x0000000025cbd800 JavaThread "AWT-Windows" daemon [_thread_in_native, id=9112, stack(0x0000000029e10000,0x0000000029f10000)]
  0x00000000288db800 JavaThread "Java2D Disposer" daemon [_thread_blocked, id=12612, stack(0x0000000029c10000,0x0000000029d10000)]
  0x0000000025758800 JavaThread "Prism Font Disposer" daemon [_thread_blocked, id=14132, stack(0x0000000027900000,0x0000000027a00000)]
  0x000000001bfd6000 JavaThread "pool-2-thread-1" [_thread_blocked, id=7536, stack(0x00000000239e0000,0x0000000023ae0000)]
  0x000000001bfdf800 JavaThread "JavaFX-Launcher" [_thread_blocked, id=1488, stack(0x00000000238e0000,0x00000000239e0000)]
  0x000000001be63000 JavaThread "Thread-3" daemon [_thread_blocked, id=11916, stack(0x00000000237e0000,0x00000000238e0000)]
  0x000000001bdc9800 JavaThread "JavaFX Application Thread" [_thread_in_native, id=11100, stack(0x000000001d020000,0x000000001d120000)]
  0x000000001bda7800 JavaThread "Thread-1" daemon [_thread_blocked, id=14184, stack(0x000000001cf20000,0x000000001d020000)]
  0x000000001bd75000 JavaThread "QuantumRenderer-0" daemon [_thread_blocked, id=1408, stack(0x000000001c530000,0x000000001c630000)]
  0x000000001ae0a000 JavaThread "Service Thread" daemon [_thread_blocked, id=2884, stack(0x000000001ba30000,0x000000001bb30000)]
  0x0000000018e8c000 JavaThread "C1 CompilerThread3" daemon [_thread_blocked, id=2624, stack(0x000000001b930000,0x000000001ba30000)]
  0x000000001ad7e000 JavaThread "C2 CompilerThread2" daemon [_thread_blocked, id=2536, stack(0x000000001b830000,0x000000001b930000)]
  0x000000001ad79800 JavaThread "C2 CompilerThread1" daemon [_thread_blocked, id=4052, stack(0x000000001b730000,0x000000001b830000)]
  0x000000001ad76800 JavaThread "C2 CompilerThread0" daemon [_thread_blocked, id=6348, stack(0x000000001b630000,0x000000001b730000)]
  0x000000001ad6f800 JavaThread "Attach Listener" daemon [_thread_blocked, id=6148, stack(0x000000001b530000,0x000000001b630000)]
  0x000000001ad6f000 JavaThread "Signal Dispatcher" daemon [_thread_blocked, id=1880, stack(0x000000001b430000,0x000000001b530000)]
  0x000000001ad60800 JavaThread "Finalizer" daemon [_thread_blocked, id=6468, stack(0x000000001b140000,0x000000001b240000)]
  0x0000000018e7d000 JavaThread "Reference Handler" daemon [_thread_blocked, id=10688, stack(0x000000001ac40000,0x000000001ad40000)]
  0x0000000004fa4000 JavaThread "main" [_thread_blocked, id=3840, stack(0x0000000004e80000,0x0000000004f80000)]

Other Threads:
  0x0000000018e78800 VMThread [stack: 0x000000001ab40000,0x000000001ac40000] [id=6604]
  0x000000001ae27000 WatcherThread [stack: 0x000000001bb30000,0x000000001bc30000] [id=12596]

=>0x0000000004fbe800 (exited) GCTaskThread [stack: 0x0000000014c70000,0x0000000014d70000] [id=6864]

VM state:at safepoint (normal execution)

VM Mutex/Monitor currently owned by a thread:  ([mutex/lock_event])
[0x0000000004fa0ed0] Threads_lock - owner thread: 0x0000000018e78800
[0x0000000004fa07d0] Heap_lock - owner thread: 0x0000000028750000

Heap:
 PSYoungGen      total 54784K, used 352K [0x00000000e0000000, 0x00000000e3e80000, 0x0000000100000000)
  eden space 54272K, 0% used [0x00000000e0000000,0x00000000e0000000,0x00000000e3500000)
  from space 512K, 68% used [0x00000000e3d80000,0x00000000e3dd8000,0x00000000e3e00000)
  to   space 512K, 0% used [0x00000000e3e00000,0x00000000e3e00000,0x00000000e3e80000)
 ParOldGen       total 464896K, used 456661K [0x00000000a0000000, 0x00000000bc600000, 0x00000000e0000000)
  object space 464896K, 98% used [0x00000000a0000000,0x00000000bbdf5660,0x00000000bc600000)
 Metaspace       used 54679K, capacity 58162K, committed 58536K, reserved 1099776K
  class space    used 7363K, capacity 7990K, committed 8112K, reserved 1048576K

Card table byte_map: [0x0000000014460000,0x0000000014770000] byte_map_base: 0x0000000013f60000

Marking Bits: (ParMarkBitMap*) 0x000000006d83d850
 Begin Bits: [0x0000000015170000, 0x0000000016970000)
 End Bits:   [0x0000000016970000, 0x0000000018170000)

Polling page: 0x0000000000de0000

CodeCache: size=245760Kb used=34297Kb max_used=34745Kb free=211462Kb
 bounds [0x00000000050a0000, 0x0000000007320000, 0x00000000140a0000]
 total_blobs=10339 nmethods=9287 adapters=960
 compilation: enabled

Compilation events (10 events):
Event: 1277.555 Thread 0x000000001ad79800 13049       4       org.mars_sim.msp.core.structure.building.function.Function::isAtActivitySpot (89 bytes)
Event: 1277.560 Thread 0x000000001ad79800 nmethod 13049 0x00000000064b9ed0 code [0x00000000064ba080, 0x00000000064ba558]
Event: 1278.641 Thread 0x0000000018e8c000 13050       3       javafx.animation.Animation$1$$Lambda$172/1371894224::run (12 bytes)
Event: 1278.641 Thread 0x0000000018e8c000 nmethod 13050 0x0000000005c53c10 code [0x0000000005c53d80, 0x0000000005c54008]
Event: 1289.504 Thread 0x000000001ad76800 13051       4       javafx.scene.shape.Shape::updatePGShape (201 bytes)
Event: 1289.540 Thread 0x000000001ad76800 nmethod 13051 0x00000000070bf210 code [0x00000000070bf600, 0x00000000070c11d0]
Event: 1291.585 Thread 0x000000001ad7e000 13052       4       javafx.animation.Animation$1$$Lambda$172/1371894224::run (12 bytes)
Event: 1291.590 Thread 0x000000001ad7e000 nmethod 13052 0x0000000006ec2150 code [0x0000000006ec2340, 0x0000000006ec2a38]
Event: 1294.566 Thread 0x000000001ad79800 13053       4       org.mars_sim.msp.core.person.ai.task.ConsolidateContainers::consolidatingPhase (513 bytes)
Event: 1294.606 Thread 0x000000001ad79800 nmethod 13053 0x0000000007197390 code [0x00000000071976c0, 0x0000000007199748]

GC Heap History (10 events):
Event: 1294.992 GC heap after
Heap after GC invocations=975 (full 2):
 PSYoungGen      total 56832K, used 400K [0x00000000e0000000, 0x00000000e3e80000, 0x0000000100000000)
  eden space 56320K, 0% used [0x00000000e0000000,0x00000000e0000000,0x00000000e3700000)
  from space 512K, 78% used [0x00000000e3d80000,0x00000000e3de4218,0x00000000e3e00000)
  to   space 512K, 0% used [0x00000000e3e00000,0x00000000e3e00000,0x00000000e3e80000)
 ParOldGen       total 464896K, used 456413K [0x00000000a0000000, 0x00000000bc600000, 0x00000000e0000000)
  object space 464896K, 98% used [0x00000000a0000000,0x00000000bbdb7660,0x00000000bc600000)
 Metaspace       used 54679K, capacity 58162K, committed 58536K, reserved 1099776K
  class space    used 7363K, capacity 7990K, committed 8112K, reserved 1048576K
}
Event: 1296.167 GC heap before
{Heap before GC invocations=976 (full 2):
 PSYoungGen      total 56832K, used 56720K [0x00000000e0000000, 0x00000000e3e80000, 0x0000000100000000)
  eden space 56320K, 100% used [0x00000000e0000000,0x00000000e3700000,0x00000000e3700000)
  from space 512K, 78% used [0x00000000e3d80000,0x00000000e3de4218,0x00000000e3e00000)
  to   space 512K, 0% used [0x00000000e3e00000,0x00000000e3e00000,0x00000000e3e80000)
 ParOldGen       total 464896K, used 456413K [0x00000000a0000000, 0x00000000bc600000, 0x00000000e0000000)
  object space 464896K, 98% used [0x00000000a0000000,0x00000000bbdb7660,0x00000000bc600000)
 Metaspace       used 54679K, capacity 58162K, committed 58536K, reserved 1099776K
  class space    used 7363K, capacity 7990K, committed 8112K, reserved 1048576K
Event: 1296.170 GC heap after
Heap after GC invocations=976 (full 2):
 PSYoungGen      total 56320K, used 352K [0x00000000e0000000, 0x00000000e3e80000, 0x0000000100000000)
  eden space 55808K, 0% used [0x00000000e0000000,0x00000000e0000000,0x00000000e3680000)
  from space 512K, 68% used [0x00000000e3e00000,0x00000000e3e58000,0x00000000e3e80000)
  to   space 512K, 0% used [0x00000000e3d80000,0x00000000e3d80000,0x00000000e3e00000)
 ParOldGen       total 464896K, used 456469K [0x00000000a0000000, 0x00000000bc600000, 0x00000000e0000000)
  object space 464896K, 98% used [0x00000000a0000000,0x00000000bbdc5660,0x00000000bc600000)
 Metaspace       used 54679K, capacity 58162K, committed 58536K, reserved 1099776K
  class space    used 7363K, capacity 7990K, committed 8112K, reserved 1048576K
}
Event: 1297.515 GC heap before
{Heap before GC invocations=977 (full 2):
 PSYoungGen      total 56320K, used 56160K [0x00000000e0000000, 0x00000000e3e80000, 0x0000000100000000)
  eden space 55808K, 100% used [0x00000000e0000000,0x00000000e3680000,0x00000000e3680000)
  from space 512K, 68% used [0x00000000e3e00000,0x00000000e3e58000,0x00000000e3e80000)
  to   space 512K, 0% used [0x00000000e3d80000,0x00000000e3d80000,0x00000000e3e00000)
 ParOldGen       total 464896K, used 456469K [0x00000000a0000000, 0x00000000bc600000, 0x00000000e0000000)
  object space 464896K, 98% used [0x00000000a0000000,0x00000000bbdc5660,0x00000000bc600000)
 Metaspace       used 54679K, capacity 58162K, committed 58536K, reserved 1099776K
  class space    used 7363K, capacity 7990K, committed 8112K, reserved 1048576K
Event: 1297.519 GC heap after
Heap after GC invocations=977 (full 2):
 PSYoungGen      total 55808K, used 352K [0x00000000e0000000, 0x00000000e3e80000, 0x0000000100000000)
  eden space 55296K, 0% used [0x00000000e0000000,0x00000000e0000000,0x00000000e3600000)
  from space 512K, 68% used [0x00000000e3d80000,0x00000000e3dd8000,0x00000000e3e00000)
  to   space 512K, 0% used [0x00000000e3e00000,0x00000000e3e00000,0x00000000e3e80000)
 ParOldGen       total 464896K, used 456533K [0x00000000a0000000, 0x00000000bc600000, 0x00000000e0000000)
  object space 464896K, 98% used [0x00000000a0000000,0x00000000bbdd5660,0x00000000bc600000)
 Metaspace       used 54679K, capacity 58162K, committed 58536K, reserved 1099776K
  class space    used 7363K, capacity 7990K, committed 8112K, reserved 1048576K
}
Event: 1298.947 GC heap before
{Heap before GC invocations=978 (full 2):
 PSYoungGen      total 55808K, used 55648K [0x00000000e0000000, 0x00000000e3e80000, 0x0000000100000000)
  eden space 55296K, 100% used [0x00000000e0000000,0x00000000e3600000,0x00000000e3600000)
  from space 512K, 68% used [0x00000000e3d80000,0x00000000e3dd8000,0x00000000e3e00000)
  to   space 512K, 0% used [0x00000000e3e00000,0x00000000e3e00000,0x00000000e3e80000)
 ParOldGen       total 464896K, used 456533K [0x00000000a0000000, 0x00000000bc600000, 0x00000000e0000000)
  object space 464896K, 98% used [0x00000000a0000000,0x00000000bbdd5660,0x00000000bc600000)
 Metaspace       used 54679K, capacity 58162K, committed 58536K, reserved 1099776K
  class space    used 7363K, capacity 7990K, committed 8112K, reserved 1048576K
Event: 1298.950 GC heap after
Heap after GC invocations=978 (full 2):
 PSYoungGen      total 55296K, used 400K [0x00000000e0000000, 0x00000000e3e80000, 0x0000000100000000)
  eden space 54784K, 0% used [0x00000000e0000000,0x00000000e0000000,0x00000000e3580000)
  from space 512K, 78% used [0x00000000e3e00000,0x00000000e3e642d0,0x00000000e3e80000)
  to   space 512K, 0% used [0x00000000e3d80000,0x00000000e3d80000,0x00000000e3e00000)
 ParOldGen       total 464896K, used 456597K [0x00000000a0000000, 0x00000000bc600000, 0x00000000e0000000)
  object space 464896K, 98% used [0x00000000a0000000,0x00000000bbde5660,0x00000000bc600000)
 Metaspace       used 54679K, capacity 58162K, committed 58536K, reserved 1099776K
  class space    used 7363K, capacity 7990K, committed 8112K, reserved 1048576K
}
Event: 1300.126 GC heap before
{Heap before GC invocations=979 (full 2):
 PSYoungGen      total 55296K, used 55184K [0x00000000e0000000, 0x00000000e3e80000, 0x0000000100000000)
  eden space 54784K, 100% used [0x00000000e0000000,0x00000000e3580000,0x00000000e3580000)
  from space 512K, 78% used [0x00000000e3e00000,0x00000000e3e642d0,0x00000000e3e80000)
  to   space 512K, 0% used [0x00000000e3d80000,0x00000000e3d80000,0x00000000e3e00000)
 ParOldGen       total 464896K, used 456597K [0x00000000a0000000, 0x00000000bc600000, 0x00000000e0000000)
  object space 464896K, 98% used [0x00000000a0000000,0x00000000bbde5660,0x00000000bc600000)
 Metaspace       used 54679K, capacity 58162K, committed 58536K, reserved 1099776K
  class space    used 7363K, capacity 7990K, committed 8112K, reserved 1048576K
Event: 1300.129 GC heap after
Heap after GC invocations=979 (full 2):
 PSYoungGen      total 54784K, used 352K [0x00000000e0000000, 0x00000000e3e80000, 0x0000000100000000)
  eden space 54272K, 0% used [0x00000000e0000000,0x00000000e0000000,0x00000000e3500000)
  from space 512K, 68% used [0x00000000e3d80000,0x00000000e3dd8000,0x00000000e3e00000)
  to   space 512K, 0% used [0x00000000e3e00000,0x00000000e3e00000,0x00000000e3e80000)
 ParOldGen       total 464896K, used 456661K [0x00000000a0000000, 0x00000000bc600000, 0x00000000e0000000)
  object space 464896K, 98% used [0x00000000a0000000,0x00000000bbdf5660,0x00000000bc600000)
 Metaspace       used 54679K, capacity 58162K, committed 58536K, reserved 1099776K
  class space    used 7363K, capacity 7990K, committed 8112K, reserved 1048576K
}
Event: 1300.129 GC heap before
{Heap before GC invocations=980 (full 3):
 PSYoungGen      total 54784K, used 352K [0x00000000e0000000, 0x00000000e3e80000, 0x0000000100000000)
  eden space 54272K, 0% used [0x00000000e0000000,0x00000000e0000000,0x00000000e3500000)
  from space 512K, 68% used [0x00000000e3d80000,0x00000000e3dd8000,0x00000000e3e00000)
  to   space 512K, 0% used [0x00000000e3e00000,0x00000000e3e00000,0x00000000e3e80000)
 ParOldGen       total 464896K, used 456661K [0x00000000a0000000, 0x00000000bc600000, 0x00000000e0000000)
  object space 464896K, 98% used [0x00000000a0000000,0x00000000bbdf5660,0x00000000bc600000)
 Metaspace       used 54679K, capacity 58162K, committed 58536K, reserved 1099776K
  class space    used 7363K, capacity 7990K, committed 8112K, reserved 1048576K

Deoptimization events (10 events):
Event: 1004.379 Thread 0x000000001bdc9800 Uncommon trap: reason=unstable_if action=reinterpret pc=0x00000000069b5fdc method=java.util.Optional.orElse(Ljava/lang/Object;)Ljava/lang/Object; @ 4
Event: 1022.627 Thread 0x0000000028750000 Uncommon trap: reason=unstable_if action=reinterpret pc=0x000000000677c540 method=org.mars_sim.msp.core.structure.building.function.Manufacture.getFullPowerRequired()D @ 33
Event: 1022.627 Thread 0x0000000028750000 Uncommon trap: reason=unstable_if action=reinterpret pc=0x00000000067b3e00 method=org.mars_sim.msp.core.structure.building.function.Manufacture.getPoweredDownPowerRequired()D @ 33
Event: 1075.938 Thread 0x0000000028750000 Uncommon trap: reason=unstable_if action=reinterpret pc=0x0000000006510834 method=org.mars_sim.msp.core.person.ai.task.ToggleResourceProcess.getResourcesValueDiff(Lorg/mars_sim/msp/core/structure/Settlement;Lorg/mars_sim/msp/core/structure/building/functi
Event: 1075.939 Thread 0x0000000028750000 Uncommon trap: reason=unstable_if action=reinterpret pc=0x0000000005d82bc8 method=sun.awt.geom.Curve.crossingsFor(DD)I @ 33
Event: 1075.939 Thread 0x0000000028750000 Uncommon trap: reason=unstable_if action=reinterpret pc=0x00000000053c1674 method=sun.awt.geom.Curve.crossingsFor(DD)I @ 6
Event: 1083.688 Thread 0x0000000028750000 Uncommon trap: reason=unstable_if action=reinterpret pc=0x0000000005d9ac5c method=sun.awt.geom.Curve.crossingsFor(DD)I @ 33
Event: 1135.478 Thread 0x0000000028750000 Uncommon trap: reason=unstable_if action=reinterpret pc=0x0000000005fc04c0 method=org.mars_sim.msp.core.structure.building.function.farming.Crop.addWork(Lorg/mars_sim/msp/core/Unit;D)D @ 257
Event: 1278.319 Thread 0x000000001bdc9800 Uncommon trap: reason=unstable_if action=reinterpret pc=0x0000000005f3a390 method=com.sun.scenario.animation.shared.InfiniteClipEnvelope.timePulse(J)V @ 63
Event: 1294.482 Thread 0x0000000028750000 Uncommon trap: reason=predicate action=maybe_recompile pc=0x0000000006cee19c method=org.mars_sim.msp.core.person.ai.task.ConsolidateContainers.consolidatingPhase(D)D @ 458

Internal exceptions (10 events):
Event: 907.563 Thread 0x0000000028754000 Exception <a 'java/lang/NoSuchMethodError': <clinit>> (0x00000000e02ca430) thrown at [C:\re\workspace\8-2-build-windows-amd64-cygwin\jdk8u144\9417\hotspot\src\share\vm\prims\jni.cpp, line 1613]
Event: 907.569 Thread 0x0000000028754000 Exception <a 'java/lang/NoSuchMethodError': <clinit>> (0x00000000e05156f0) thrown at [C:\re\workspace\8-2-build-windows-amd64-cygwin\jdk8u144\9417\hotspot\src\share\vm\prims\jni.cpp, line 1613]
Event: 907.603 Thread 0x0000000028754000 Exception <a 'java/lang/NoSuchMethodError': <clinit>> (0x00000000e11c2b50) thrown at [C:\re\workspace\8-2-build-windows-amd64-cygwin\jdk8u144\9417\hotspot\src\share\vm\prims\jni.cpp, line 1613]
Event: 907.618 Thread 0x0000000028754000 Exception <a 'java/lang/NoSuchMethodError': <clinit>> (0x00000000e169c338) thrown at [C:\re\workspace\8-2-build-windows-amd64-cygwin\jdk8u144\9417\hotspot\src\share\vm\prims\jni.cpp, line 1613]
Event: 907.678 Thread 0x0000000028754000 Exception <a 'java/lang/NoSuchMethodError': <clinit>> (0x00000000e050ac08) thrown at [C:\re\workspace\8-2-build-windows-amd64-cygwin\jdk8u144\9417\hotspot\src\share\vm\prims\jni.cpp, line 1613]
Event: 907.708 Thread 0x0000000028754000 Exception <a 'java/lang/NoSuchMethodError': <clinit>> (0x00000000e06fea90) thrown at [C:\re\workspace\8-2-build-windows-amd64-cygwin\jdk8u144\9417\hotspot\src\share\vm\prims\jni.cpp, line 1613]
Event: 907.763 Thread 0x0000000028754000 Exception <a 'java/lang/NoSuchMethodError': <clinit>> (0x00000000e08813c8) thrown at [C:\re\workspace\8-2-build-windows-amd64-cygwin\jdk8u144\9417\hotspot\src\share\vm\prims\jni.cpp, line 1613]
Event: 907.945 Thread 0x0000000028754000 Exception <a 'java/lang/NoSuchMethodError': <clinit>> (0x00000000e0b28438) thrown at [C:\re\workspace\8-2-build-windows-amd64-cygwin\jdk8u144\9417\hotspot\src\share\vm\prims\jni.cpp, line 1613]
Event: 907.946 Thread 0x0000000028754000 Exception <a 'java/lang/NoSuchMethodError': <clinit>> (0x00000000e0b56320) thrown at [C:\re\workspace\8-2-build-windows-amd64-cygwin\jdk8u144\9417\hotspot\src\share\vm\prims\jni.cpp, line 1613]
Event: 908.270 Thread 0x0000000028754000 Exception <a 'java/lang/NoSuchMethodError': <clinit>> (0x00000000e1571ed8) thrown at [C:\re\workspace\8-2-build-windows-amd64-cygwin\jdk8u144\9417\hotspot\src\share\vm\prims\jni.cpp, line 1613]

Events (10 events):
Event: 1294.607 Thread 0x000000001ad79800 flushing nmethod 0x00000000068ca190
Event: 1294.988 Executing VM operation: ParallelGCFailedAllocation
Event: 1294.992 Executing VM operation: ParallelGCFailedAllocation done
Event: 1296.167 Executing VM operation: ParallelGCFailedAllocation
Event: 1296.171 Executing VM operation: ParallelGCFailedAllocation done
Event: 1297.515 Executing VM operation: ParallelGCFailedAllocation
Event: 1297.519 Executing VM operation: ParallelGCFailedAllocation done
Event: 1298.947 Executing VM operation: ParallelGCFailedAllocation
Event: 1298.950 Executing VM operation: ParallelGCFailedAllocation done
Event: 1300.126 Executing VM operation: ParallelGCFailedAllocation


Dynamic libraries:
0x00007ff615790000 - 0x00007ff6157c7000 	C:\Program Files\Java\jdk1.8.0_144\bin\javaw.exe
0x00007ffad8ab0000 - 0x00007ffad8c90000 	C:\WINDOWS\SYSTEM32\ntdll.dll
0x00007ffad6f50000 - 0x00007ffad6ffd000 	C:\WINDOWS\System32\KERNEL32.DLL
0x00007ffad5a20000 - 0x00007ffad5c86000 	C:\WINDOWS\System32\KERNELBASE.dll
0x00007ffad7200000 - 0x00007ffad72a1000 	C:\WINDOWS\System32\ADVAPI32.dll
0x00007ffad72b0000 - 0x00007ffad734d000 	C:\WINDOWS\System32\msvcrt.dll
0x00007ffad6550000 - 0x00007ffad65ab000 	C:\WINDOWS\System32\sechost.dll
0x00007ffad6420000 - 0x00007ffad6541000 	C:\WINDOWS\System32\RPCRT4.dll
0x00007ffad65b0000 - 0x00007ffad673e000 	C:\WINDOWS\System32\USER32.dll
0x00007ffad5ce0000 - 0x00007ffad5d00000 	C:\WINDOWS\System32\win32u.dll
0x00007ffad5f70000 - 0x00007ffad5f98000 	C:\WINDOWS\System32\GDI32.dll
0x00007ffad5d00000 - 0x00007ffad5e8e000 	C:\WINDOWS\System32\gdi32full.dll
0x00007ffad58d0000 - 0x00007ffad596b000 	C:\WINDOWS\System32\msvcp_win.dll
0x00007ffad5080000 - 0x00007ffad5176000 	C:\WINDOWS\System32\ucrtbase.dll
0x00007ffaca5c0000 - 0x00007ffaca829000 	C:\WINDOWS\WinSxS\amd64_microsoft.windows.common-controls_6595b64144ccf1df_6.0.16278.1000_none_0f48116140aba751\COMCTL32.dll
0x00007ffad5fa0000 - 0x00007ffad62a8000 	C:\WINDOWS\System32\combase.dll
0x00007ffad5e90000 - 0x00007ffad5f02000 	C:\WINDOWS\System32\bcryptPrimitives.dll
0x00007ffad6ea0000 - 0x00007ffad6ecd000 	C:\WINDOWS\System32\IMM32.DLL
0x000000006e390000 - 0x000000006e462000 	C:\Program Files\Java\jdk1.8.0_144\jre\bin\msvcr100.dll
0x000000006d020000 - 0x000000006d8bd000 	C:\Program Files\Java\jdk1.8.0_144\jre\bin\server\jvm.dll
0x00007ffad73f0000 - 0x00007ffad73f8000 	C:\WINDOWS\System32\PSAPI.DLL
0x00007ffad2880000 - 0x00007ffad2889000 	C:\WINDOWS\SYSTEM32\WSOCK32.dll
0x00007fface9d0000 - 0x00007fface9da000 	C:\WINDOWS\SYSTEM32\VERSION.dll
0x00007ffad2740000 - 0x00007ffad2763000 	C:\WINDOWS\SYSTEM32\WINMM.dll
0x00007ffad6ee0000 - 0x00007ffad6f4c000 	C:\WINDOWS\System32\WS2_32.dll
0x00007ffad26e0000 - 0x00007ffad270a000 	C:\WINDOWS\SYSTEM32\WINMMBASE.dll
0x00007ffad5c90000 - 0x00007ffad5cda000 	C:\WINDOWS\System32\cfgmgr32.dll
0x000000006e380000 - 0x000000006e38f000 	C:\Program Files\Java\jdk1.8.0_144\jre\bin\verify.dll
0x000000006e350000 - 0x000000006e379000 	C:\Program Files\Java\jdk1.8.0_144\jre\bin\java.dll
0x000000006e330000 - 0x000000006e346000 	C:\Program Files\Java\jdk1.8.0_144\jre\bin\zip.dll
0x00007ffad7400000 - 0x00007ffad8834000 	C:\WINDOWS\System32\SHELL32.dll
0x00007ffad6740000 - 0x00007ffad67e6000 	C:\WINDOWS\System32\shcore.dll
0x00007ffad5180000 - 0x00007ffad58ca000 	C:\WINDOWS\System32\windows.storage.dll
0x00007ffad6970000 - 0x00007ffad69c1000 	C:\WINDOWS\System32\shlwapi.dll
0x00007ffad4e00000 - 0x00007ffad4e11000 	C:\WINDOWS\System32\kernel.appcore.dll
0x00007ffad4e60000 - 0x00007ffad4eac000 	C:\WINDOWS\System32\powrprof.dll
0x00007ffad4e40000 - 0x00007ffad4e5b000 	C:\WINDOWS\System32\profapi.dll
0x00007ffab62b0000 - 0x00007ffab639f000 	C:\Program Files\Java\jdk1.8.0_144\jre\bin\msvcr120.dll
0x00007ffab60e0000 - 0x00007ffab6186000 	C:\Program Files\Java\jdk1.8.0_144\jre\bin\msvcp120.dll
0x000000006e300000 - 0x000000006e322000 	C:\Program Files\Java\jdk1.8.0_144\jre\bin\prism_d3d.dll
0x00007ffa9b7a0000 - 0x00007ffa9b935000 	C:\WINDOWS\system32\d3d9.dll
0x00007ffad2c70000 - 0x00007ffad2c9a000 	C:\WINDOWS\SYSTEM32\dwmapi.dll
0x00007ffad2ba0000 - 0x00007ffad2c35000 	C:\WINDOWS\system32\uxtheme.dll
0x00007ffacbf20000 - 0x00007ffacc001000 	C:\WINDOWS\System32\DriverStore\FileRepository\nvaci.inf_amd64_0ae98321ab15f73f\nvldumdx.dll
0x00007ffad4eb0000 - 0x00007ffad507e000 	C:\WINDOWS\System32\crypt32.dll
0x00007ffad4e20000 - 0x00007ffad4e32000 	C:\WINDOWS\System32\MSASN1.dll
0x00007ffad5f10000 - 0x00007ffad5f68000 	C:\WINDOWS\System32\WINTRUST.DLL
0x00007ffad67f0000 - 0x00007ffad680d000 	C:\WINDOWS\System32\imagehlp.dll
0x00007ffad4940000 - 0x00007ffad4957000 	C:\WINDOWS\SYSTEM32\CRYPTSP.dll
0x00007ffad3ef0000 - 0x00007ffad3f23000 	C:\WINDOWS\system32\rsaenh.dll
0x00007ffad4910000 - 0x00007ffad4935000 	C:\WINDOWS\SYSTEM32\bcrypt.dll
0x00007ffad44a0000 - 0x00007ffad44ab000 	C:\WINDOWS\SYSTEM32\CRYPTBASE.dll
0x00007ffa92af0000 - 0x00007ffa93c58000 	C:\WINDOWS\System32\DriverStore\FileRepository\nvaci.inf_amd64_0ae98321ab15f73f\nvd3dumx.dll
0x00007ffac7f90000 - 0x00007ffac816c000 	C:\WINDOWS\system32\nvspcap64.dll
0x00007ffad6810000 - 0x00007ffad6959000 	C:\WINDOWS\System32\ole32.dll
0x00007ffad88a0000 - 0x00007ffad8965000 	C:\WINDOWS\System32\OLEAUT32.dll
0x00007ffad6a50000 - 0x00007ffad6e9e000 	C:\WINDOWS\System32\SETUPAPI.dll
0x00007ffacf2c0000 - 0x00007ffacf3a0000 	C:\WINDOWS\SYSTEM32\WINHTTP.dll
0x00007ffad1150000 - 0x00007ffad1163000 	C:\WINDOWS\SYSTEM32\WTSAPI32.dll
0x00007ffacc100000 - 0x00007ffacc53f000 	C:\WINDOWS\system32\nvapi64.dll
0x00007ffad3820000 - 0x00007ffad38cf000 	C:\WINDOWS\SYSTEM32\dxgi.dll
0x00007ffad4bb0000 - 0x00007ffad4bd7000 	C:\WINDOWS\SYSTEM32\DEVOBJ.dll
0x000000006e2b0000 - 0x000000006e2f3000 	C:\Program Files\Java\jdk1.8.0_144\jre\bin\glass.dll
0x00007ffad8970000 - 0x00007ffad8a7a000 	C:\WINDOWS\System32\COMDLG32.dll
0x00007ffad62b0000 - 0x00007ffad6417000 	C:\WINDOWS\System32\MSCTF.dll
0x00007ffac6d10000 - 0x00007ffac6db9000 	C:\Program Files\Common Files\microsoft shared\ink\tiptsf.dll
0x00007ffac8430000 - 0x00007ffac851a000 	C:\Program Files (x86)\NVIDIA Corporation\3D Vision\nvSCPAPI64.dll
0x000000006e290000 - 0x000000006e2aa000 	C:\Program Files\Java\jdk1.8.0_144\jre\bin\net.dll
0x00007ffad42e0000 - 0x00007ffad4346000 	C:\WINDOWS\system32\mswsock.dll
0x000000006e270000 - 0x000000006e281000 	C:\Program Files\Java\jdk1.8.0_144\jre\bin\nio.dll
0x000000006e250000 - 0x000000006e264000 	C:\Program Files\Java\jdk1.8.0_144\jre\bin\javafx_font.dll
0x00007ffac7c80000 - 0x00007ffac7f8c000 	C:\WINDOWS\SYSTEM32\dwrite.dll
0x000000006e220000 - 0x000000006e243000 	C:\Program Files\Java\jdk1.8.0_144\jre\bin\javafx_iio.dll
0x000000006ce80000 - 0x000000006d018000 	C:\Program Files\Java\jdk1.8.0_144\jre\bin\awt.dll
0x00007ffad2950000 - 0x00007ffad29d7000 	C:\WINDOWS\SYSTEM32\apphelp.dll
0x00007ffaaa7c0000 - 0x00007ffaaa8de000 	C:\WINDOWS\system32\opengl32.dll
0x00007ffaaa9f0000 - 0x00007ffaaaa1c000 	C:\WINDOWS\SYSTEM32\GLU32.dll
0x00007ffad7350000 - 0x00007ffad73ee000 	C:\WINDOWS\System32\clbcatq.dll
0x00007ffacfb50000 - 0x00007ffacfcfb000 	C:\WINDOWS\SYSTEM32\WindowsCodecs.dll
0x00007ffaabf80000 - 0x00007ffaabfcf000 	C:\WINDOWS\system32\dataexchange.dll
0x00007ffad1920000 - 0x00007ffad1c01000 	C:\WINDOWS\system32\d3d11.dll
0x00007ffad22b0000 - 0x00007ffad23f0000 	C:\WINDOWS\system32\dcomp.dll
0x00007ffad2d60000 - 0x00007ffad2edb000 	C:\WINDOWS\system32\twinapi.appcore.dll
0x00007ffad2f40000 - 0x00007ffad2f60000 	C:\WINDOWS\system32\RMCLIENT.dll
0x00007ffac5f90000 - 0x00007ffac5fc4000 	C:\Program Files\Common Files\Microsoft Shared\Ink\rtscom.dll
0x00007ffacbb90000 - 0x00007ffacbc22000 	C:\WINDOWS\System32\TextInputFramework.dll
0x00007ffacee30000 - 0x00007ffacf11d000 	C:\WINDOWS\System32\CoreUIComponents.dll
0x00007ffad21d0000 - 0x00007ffad22ac000 	C:\WINDOWS\System32\CoreMessaging.dll
0x00007ffad3d30000 - 0x00007ffad3d61000 	C:\WINDOWS\SYSTEM32\ntmarta.dll
0x00007ffad0bd0000 - 0x00007ffad0d06000 	C:\WINDOWS\SYSTEM32\wintypes.dll
0x00007ffad1c10000 - 0x00007ffad21c8000 	C:\WINDOWS\SYSTEM32\d2d1.dll
0x00007ffa90930000 - 0x00007ffa9109c000 	C:\WINDOWS\SYSTEM32\D3D10Warp.dll
0x00007ffad4d30000 - 0x00007ffad4d59000 	C:\WINDOWS\SYSTEM32\USERENV.dll
0x00007ffac8970000 - 0x00007ffac8b78000 	C:\Windows\System32\uiautomationcore.dll
0x00007ffad4c00000 - 0x00007ffad4c9a000 	C:\WINDOWS\SYSTEM32\sxs.dll
0x00007ffacd430000 - 0x00007ffacd49e000 	C:\WINDOWS\SYSTEM32\OLEACC.dll
0x000000006ce60000 - 0x000000006ce71000 	C:\Program Files\Java\jdk1.8.0_144\jre\bin\prism_common.dll
0x000000006a6a0000 - 0x000000006ce54000 	C:\Program Files\Java\jdk1.8.0_144\jre\bin\jfxwebkit.dll
0x00007ffad4070000 - 0x00007ffad40a9000 	C:\WINDOWS\SYSTEM32\IPHLPAPI.DLL
0x00007ffad6ed0000 - 0x00007ffad6ed8000 	C:\WINDOWS\System32\NSI.dll
0x00007ffacf140000 - 0x00007ffacf156000 	C:\WINDOWS\SYSTEM32\dhcpcsvc6.DLL
0x00007ffacf120000 - 0x00007ffacf13a000 	C:\WINDOWS\SYSTEM32\dhcpcsvc.DLL
0x000000006a650000 - 0x000000006a697000 	C:\Program Files\Java\jdk1.8.0_144\jre\bin\fontmanager.dll
0x000000006a600000 - 0x000000006a642000 	C:\Program Files\Java\jdk1.8.0_144\jre\bin\t2k.dll
0x000000006a5c0000 - 0x000000006a5f1000 	C:\Program Files\Java\jdk1.8.0_144\jre\bin\jpeg.dll
0x000000006e210000 - 0x000000006e21c000 	C:\Program Files\Java\jdk1.8.0_144\jre\bin\jsound.dll
0x000000006a5b0000 - 0x000000006a5bb000 	C:\Program Files\Java\jdk1.8.0_144\jre\bin\jsoundds.dll
0x00007ffab7910000 - 0x00007ffab799f000 	C:\WINDOWS\SYSTEM32\DSOUND.dll
0x00007ffacda10000 - 0x00007ffacda7f000 	C:\WINDOWS\SYSTEM32\MMDevAPI.DLL
0x00007ffad12d0000 - 0x00007ffad1481000 	C:\WINDOWS\SYSTEM32\PROPSYS.dll
0x00007ffab78b0000 - 0x00007ffab78f2000 	C:\WINDOWS\SYSTEM32\wdmaud.drv
0x00007ffab4de0000 - 0x00007ffab4de9000 	C:\WINDOWS\SYSTEM32\ksuser.dll
0x00007ffad0350000 - 0x00007ffad035a000 	C:\WINDOWS\SYSTEM32\AVRT.dll
0x00007ffac6670000 - 0x00007ffac6791000 	C:\WINDOWS\SYSTEM32\AUDIOSES.DLL
0x00007ffac5ed0000 - 0x00007ffac5edc000 	C:\WINDOWS\SYSTEM32\msacm32.drv
0x00007ffabb000000 - 0x00007ffabb01c000 	C:\WINDOWS\SYSTEM32\MSACM32.dll
0x00007ffac5ec0000 - 0x00007ffac5eca000 	C:\WINDOWS\SYSTEM32\midimap.dll
0x00007ffacbc30000 - 0x00007ffacbd37000 	C:\Windows\System32\Windows.UI.dll
0x000000006a180000 - 0x000000006a1aa000 	C:\Program Files\Java\jdk1.8.0_144\jre\bin\dcpr.dll
0x00007ffad4740000 - 0x00007ffad4908000 	C:\WINDOWS\SYSTEM32\dbghelp.dll

VM Arguments:
jvm_args: -Xmx1536m -Dfile.encoding=UTF-8 
java_command: org.mars_sim.msp.javafx.MarsProjectFX -new
java_class_path (initial): D:\Data\git\mars-sim\mars-sim-main\target\classes;C:\Users\manny\.m2\repository\junit\junit\4.12\junit-4.12.jar;D:\Data\git\mars-sim\mars-sim-ui\target\classes;D:\Data\git\mars-sim\mars-sim-core\target\classes;C:\Users\manny\.m2\repository\org\jdom\jdom\1.1.3\jdom-1.1.3.jar;C:\Users\manny\.m2\repository\com\google\guava\guava\23.0\guava-23.0.jar;C:\Users\manny\.m2\repository\com\google\code\findbugs\jsr305\1.3.9\jsr305-1.3.9.jar;C:\Users\manny\.m2\repository\com\google\errorprone\error_prone_annotations\2.0.18\error_prone_annotations-2.0.18.jar;C:\Users\manny\.m2\repository\com\google\j2objc\j2objc-annotations\1.1\j2objc-annotations-1.1.jar;C:\Users\manny\.m2\repository\org\codehaus\mojo\animal-sniffer-annotations\1.14\animal-sniffer-annotations-1.14.jar;C:\Users\manny\.m2\repository\com\google\inject\guice\4.1.0\guice-4.1.0-no_aop.jar;C:\Users\manny\.m2\repository\javax\inject\javax.inject\1\javax.inject-1.jar;C:\Users\manny\.m2\repository\aopalliance\aopalliance\1.0\aopalliance-1.0.jar;C:\Users\manny\.m2\repository\log4j\log4j\1.2.17\log4j-1.2.17.jar;C:\Users\manny\.m2\repository\commons-collections\commons-collections\3.2.2\commons-collections-3.2.2.jar;C:\Users\manny\.m2\repository\org\glassfish\javax.json\1.1\javax.json-1.1.jar;C:\Users\manny\.m2\repository\org\tukaani\xz\1.6\xz-1.6.jar;C:\Users\manny\.m2\repository\org\reactfx\reactfx\1.4.1\reactfx-1.4.1.jar;C:\Users\manny\.m2\repository\net\onedaybeard\artemis\artemis-odb\2.1.0\artemis-odb-2.1.0.jar;C:\Users\manny\.m2\repository\de\codecentric\centerdevice\javafxsvg\1.2.1\javafxsvg-1.2.1.jar;C:\Users\manny\.m2\repository\org\jfree\jfreechart\1.0.19\jfreechart-1.0.19.jar;C:\Users\manny\.m2\repository\org\jfree\jcommon\1.0.23\jcommon-1.0.23.jar;C:\Users\manny\.m2\repository\com\miglayout\miglayout-javafx\5.0\miglayout-javafx-5.0.jar;C:\Users\manny\.m2\repository\com\miglayout\miglayout-core\5.0\miglayout-core-5.0.jar;C:\Users\manny\.m2\repository\com\github\insubstantial\trident\7.3
Launcher Type: SUN_STANDARD

Environment Variables:
PATH=C:/Program Files/Java/jre1.8.0_144/bin/server;C:/Program Files/Java/jre1.8.0_144/bin;C:/Program Files/Java/jre1.8.0_144/lib/amd64;D:\Oculus\Support\oculus-runtime;C:\ProgramData\Oracle\Java\javapath;C:\Program Files (x86)\Intel\iCLS Client\;C:\Program Files\Intel\iCLS Client\;C:\Windows\system32;C:\Windows;C:\Windows\System32\Wbem;C:\Windows\System32\WindowsPowerShell\v1.0\;C:\Program Files (x86)\NVIDIA Corporation\PhysX\Common;C:\WINDOWS\system32;C:\WINDOWS;C:\WINDOWS\System32\Wbem;C:\WINDOWS\System32\WindowsPowerShell\v1.0\;C:\Program Files (x86)\Intel\Intel(R) Management Engine Components\DAL;C:\Program Files\Intel\Intel(R) Management Engine Components\DAL;C:\Program Files (x86)\Intel\Intel(R) Management Engine Components\IPT;C:\Program Files\Intel\Intel(R) Management Engine Components\IPT;C:\Program Files (x86)\GtkSharp\2.12\bin;C:\Android;C:\WINDOWS\system32;C:\WINDOWS;C:\WINDOWS\System32\Wbem;C:\WINDOWS\System32\WindowsPowerShell\v1.0\;D:\Program Files (x86)\Windows Kits\10\Windows Performance Toolkit\;D:\Program Files\Git\cmd;C:\Users\manny\AppData\Local\Microsoft\WindowsApps;;C:\Program Files\Microsoft VS Code\bin;C:\WINDOWS\system32;
USERNAME=manny
OS=Windows_NT
PROCESSOR_IDENTIFIER=Intel64 Family 6 Model 158 Stepping 9, GenuineIntel



---------------  S Y S T E M  ---------------

OS: Windows 10.0 , 64 bit Build 16278 (10.0.16278.1000)

CPU:total 8 (initial active 8) (4 cores per cpu, 2 threads per core) family 6 model 158 stepping 9, cmov, cx8, fxsr, mmx, sse, sse2, sse3, ssse3, sse4.1, sse4.2, popcnt, avx, avx2, aes, clmul, erms, 3dnowpref, lzcnt, ht, tsc, tscinvbit, bmi1, bmi2, adx

Memory: 4k page, physical 16658020k(9490440k free), swap 33435236k(22903024k free)

vm_info: Java HotSpot(TM) 64-Bit Server VM (25.144-b01) for windows-amd64 JRE (1.8.0_144-b01), built on Jul 21 2017 21:57:33 by "java_re" with MS VC++ 10.0 (VS2010)

time: Thu Aug 31 20:09:12 2017
elapsed time: 1300 seconds (0d 0h 21m 40s)

